#
# There is insufficient memory for the Java Runtime Environment to continue.
# Native memory allocation (malloc) failed to allocate 32744 bytes for Chunk::new
# Possible reasons:
#   The system is out of physical RAM or swap space
#   The process is running with CompressedOops enabled, and the Java Heap may be blocking the growth of the native heap
# Possible solutions:
#   Reduce memory load on the system
#   Increase physical memory or swap space
#   Check if swap backing store is full
#   Decrease Java heap size (-Xmx/-Xms)
#   Decrease number of Java threads
#   Decrease Java thread stack sizes (-Xss)
#   Set larger code cache with -XX:ReservedCodeCacheSize=
#   JVM is running with Unscaled Compressed Oops mode in which the Java heap is
#     placed in the first 4GB address space. The Java Heap base address is the
#     maximum limit for the native heap growth. Please use -XX:HeapBaseMinAddress
#     to set the Java Heap base and to place the Java Heap above 4GB virtual address.
# This output file may be truncated or incomplete.
#
#  Out of Memory Error (arena.cpp:184), pid=19296, tid=24336
#
# JRE version: Java(TM) SE Runtime Environment (18.0.1.1+2) (build 18.0.1.1+2-6)
# Java VM: Java HotSpot(TM) 64-Bit Server VM (18.0.1.1+2-6, mixed mode, sharing, tiered, compressed oops, compressed class ptrs, g1 gc, windows-amd64)
# No core dump will be written. Minidumps are not enabled by default on client versions of Windows
#

---------------  S U M M A R Y ------------

Command Line: -XX:MaxMetaspaceSize=256m -XX:+HeapDumpOnOutOfMemoryError --add-opens=java.base/java.util=ALL-UNNAMED --add-opens=java.base/java.lang=ALL-UNNAMED --add-opens=java.base/java.lang.invoke=ALL-UNNAMED --add-opens=java.base/java.util=ALL-UNNAMED --add-opens=java.prefs/java.util.prefs=ALL-UNNAMED --add-opens=java.prefs/java.util.prefs=ALL-UNNAMED --add-opens=java.base/java.nio.charset=ALL-UNNAMED --add-opens=java.base/java.net=ALL-UNNAMED --add-opens=java.base/java.util.concurrent.atomic=ALL-UNNAMED -Xms256m -Xmx512m -Dfile.encoding=windows-1252 -Duser.country=US -Duser.language=en -Duser.variant org.gradle.launcher.daemon.bootstrap.GradleDaemon 7.5.1

Host: Intel(R) Core(TM) i5-3210M CPU @ 2.50GHz, 4 cores, 7G,  Windows 10 , 64 bit Build 19041 (10.0.19041.2251)
Time: Mon Nov 21 22:54:23 2022 SE Asia Standard Time elapsed time: 341.360767 seconds (0d 0h 5m 41s)

---------------  T H R E A D  ---------------

Current thread (0x000002285d555c80):  JavaThread "C2 CompilerThread0" daemon [_thread_in_native, id=24336, stack(0x000000b21c300000,0x000000b21c400000)]


Current CompileTask:
C2: 341361 14474       4       org.gradle.internal.logging.text.AbstractLineChoppingStyledTextOutput::access$800 (4 bytes)

Stack: [0x000000b21c300000,0x000000b21c400000]
Native frames: (J=compiled Java code, j=interpreted, Vv=VM code, C=native code)
V  [jvm.dll+0x69887a]
V  [jvm.dll+0x7f38bd]
V  [jvm.dll+0x7f51ce]
V  [jvm.dll+0x7f5883]
V  [jvm.dll+0x25ca3f]
V  [jvm.dll+0xb8c2f]
V  [jvm.dll+0xb8fa5]
V  [jvm.dll+0x6760ea]
V  [jvm.dll+0x62c6fb]
V  [jvm.dll+0x62aae4]
V  [jvm.dll+0x22fa98]
V  [jvm.dll+0x22eff1]
V  [jvm.dll+0x1b9cfc]
V  [jvm.dll+0x23e8ca]
V  [jvm.dll+0x23cbb5]
V  [jvm.dll+0x7a5fb1]
V  [jvm.dll+0x7a03ea]
V  [jvm.dll+0x697725]
C  [ucrtbase.dll+0x21bb2]
C  [KERNEL32.DLL+0x174b4]
C  [ntdll.dll+0x526a1]


---------------  P R O C E S S  ---------------

Threads class SMR info:
_java_thread_list=0x00000228666e6de0, length=95, elements={
0x00000228415a31f0, 0x000002284166bae0, 0x000002284166c390, 0x000002285d54eee0,
0x000002285d54ff30, 0x000002285d5507e0, 0x000002285d5550a0, 0x000002285d555c80,
0x000002285d558d20, 0x000002285d565590, 0x00000228618914c0, 0x000002286189dfd0,
0x0000022862adbed0, 0x0000022863204f00, 0x0000022862c2a680, 0x0000022861bbe550,
0x0000022861bbdbb0, 0x0000022861bbea20, 0x0000022861bbc870, 0x0000022861bbb060,
0x0000022861bbba00, 0x0000022861bbe080, 0x0000022861bbb530, 0x0000022861bbc3a0,
0x0000022863f257d0, 0x0000022863f25300, 0x000002286346fef0, 0x0000022861955970,
0x00000228619532f0, 0x0000022861956310, 0x0000022861954160, 0x00000228619567e0,
0x0000022861954630, 0x0000022861951140, 0x0000022861957ff0, 0x0000022861955e40,
0x00000228619537c0, 0x0000022861954b00, 0x00000228619584c0, 0x0000022861954fd0,
0x0000022861956cb0, 0x0000022861953c90, 0x0000022861957180, 0x0000022861950c70,
0x0000022861957650, 0x0000022861957b20, 0x00000228619554a0, 0x0000022861951610,
0x0000022861951ae0, 0x0000022861951fb0, 0x0000022864abb520, 0x0000022864abb050,
0x0000022864abbec0, 0x0000022864abe540, 0x0000022864abc860, 0x0000022864ab9840,
0x0000022864abcd30, 0x0000022864abd200, 0x0000022864abd6d0, 0x0000022864abf3b0,
0x0000022864ab9370, 0x0000022864abea10, 0x0000022864abdba0, 0x000002286434ace0,
0x00000228655d4040, 0x0000022863475f30, 0x00000228634703c0, 0x0000022863474720,
0x0000022864349e70, 0x000002286434b1b0, 0x000002286434a340, 0x000002286434a810,
0x000002286434b680, 0x0000022864b3d780, 0x0000022864b407a0, 0x0000022864b3e120,
0x000002286184d940, 0x0000022863470890, 0x0000022864b3dc50, 0x00000228655d49e0,
0x0000022864b3d2b0, 0x0000022864b3e5f0, 0x0000022864b3eac0, 0x00000228655d4eb0,
0x00000228655d5850, 0x000002286184c130, 0x000002286184cfa0, 0x000002286184d470,
0x0000022863983a00, 0x0000022863983ed0, 0x0000022863983060, 0x00000228639843a0,
0x00000228655d5380, 0x0000022864d2f060, 0x0000022864d2fa00
}

Java Threads: ( => current thread )
  0x00000228415a31f0 JavaThread "main" [_thread_blocked, id=14300, stack(0x000000b21b600000,0x000000b21b700000)]
  0x000002284166bae0 JavaThread "Reference Handler" daemon [_thread_blocked, id=11416, stack(0x000000b21bd00000,0x000000b21be00000)]
  0x000002284166c390 JavaThread "Finalizer" daemon [_thread_blocked, id=19644, stack(0x000000b21be00000,0x000000b21bf00000)]
  0x000002285d54eee0 JavaThread "Signal Dispatcher" daemon [_thread_blocked, id=21252, stack(0x000000b21bf00000,0x000000b21c000000)]
  0x000002285d54ff30 JavaThread "Attach Listener" daemon [_thread_blocked, id=23972, stack(0x000000b21c000000,0x000000b21c100000)]
  0x000002285d5507e0 JavaThread "Service Thread" daemon [_thread_blocked, id=18636, stack(0x000000b21c100000,0x000000b21c200000)]
  0x000002285d5550a0 JavaThread "Monitor Deflation Thread" daemon [_thread_blocked, id=25928, stack(0x000000b21c200000,0x000000b21c300000)]
=>0x000002285d555c80 JavaThread "C2 CompilerThread0" daemon [_thread_in_native, id=24336, stack(0x000000b21c300000,0x000000b21c400000)]
  0x000002285d558d20 JavaThread "C1 CompilerThread0" daemon [_thread_blocked, id=20900, stack(0x000000b21c400000,0x000000b21c500000)]
  0x000002285d565590 JavaThread "Sweeper thread" daemon [_thread_blocked, id=20200, stack(0x000000b21c500000,0x000000b21c600000)]
  0x00000228618914c0 JavaThread "Common-Cleaner" daemon [_thread_blocked, id=7504, stack(0x000000b21c600000,0x000000b21c700000)]
  0x000002286189dfd0 JavaThread "Notification Thread" daemon [_thread_blocked, id=14324, stack(0x000000b21c700000,0x000000b21c800000)]
  0x0000022862adbed0 JavaThread "Daemon health stats" [_thread_blocked, id=23992, stack(0x000000b21cc00000,0x000000b21cd00000)]
  0x0000022863204f00 JavaThread "Incoming local TCP Connector on port 19910" [_thread_in_native, id=14372, stack(0x000000b21cd00000,0x000000b21ce00000)]
  0x0000022862c2a680 JavaThread "Daemon periodic checks" [_thread_blocked, id=12244, stack(0x000000b21ce00000,0x000000b21cf00000)]
  0x0000022861bbe550 JavaThread "Cache worker for journal cache (C:\Users\VnOptimus\.gradle\caches\journal-1)" [_thread_blocked, id=25852, stack(0x000000b21d600000,0x000000b21d700000)]
  0x0000022861bbdbb0 JavaThread "File lock request listener" [_thread_in_native, id=8512, stack(0x000000b21d700000,0x000000b21d800000)]
  0x0000022861bbea20 JavaThread "Cache worker for file hash cache (C:\Users\VnOptimus\.gradle\caches\7.5.1\fileHashes)" [_thread_blocked, id=28372, stack(0x000000b21d900000,0x000000b21da00000)]
  0x0000022861bbc870 JavaThread "File watcher server" daemon [_thread_in_native, id=14288, stack(0x000000b21d800000,0x000000b21d900000)]
  0x0000022861bbb060 JavaThread "File watcher consumer" daemon [_thread_blocked, id=24088, stack(0x000000b21da00000,0x000000b21db00000)]
  0x0000022861bbba00 JavaThread "jar transforms" [_thread_blocked, id=7640, stack(0x000000b21dc00000,0x000000b21dd00000)]
  0x0000022861bbe080 JavaThread "jar transforms Thread 2" [_thread_blocked, id=19924, stack(0x000000b21dd00000,0x000000b21de00000)]
  0x0000022861bbb530 JavaThread "jar transforms Thread 3" [_thread_blocked, id=7956, stack(0x000000b21de00000,0x000000b21df00000)]
  0x0000022861bbc3a0 JavaThread "jar transforms Thread 4" [_thread_blocked, id=9476, stack(0x000000b21df00000,0x000000b21e000000)]
  0x0000022863f257d0 JavaThread "Cache worker for file content cache (C:\Users\VnOptimus\.gradle\caches\7.5.1\fileContent)" [_thread_blocked, id=3152, stack(0x000000b21e100000,0x000000b21e200000)]
  0x0000022863f25300 JavaThread "Cache worker for execution history cache (C:\Users\VnOptimus\.gradle\caches\7.5.1\executionHistory)" [_thread_blocked, id=28112, stack(0x000000b21e400000,0x000000b21e500000)]
  0x000002286346fef0 JavaThread "Memory manager" [_thread_blocked, id=22664, stack(0x000000b21fa00000,0x000000b21fb00000)]
  0x0000022861955970 JavaThread "Daemon Thread 3" [_thread_blocked, id=20324, stack(0x000000b21b300000,0x000000b21b400000)]
  0x00000228619532f0 JavaThread "Handler for socket connection from /127.0.0.1:19910 to /127.0.0.1:20255" [_thread_in_native, id=18012, stack(0x000000b21b500000,0x000000b21b600000)]
  0x0000022861956310 JavaThread "Cancel handler" [_thread_blocked, id=23964, stack(0x000000b21cf00000,0x000000b21d000000)]
  0x0000022861954160 JavaThread "Daemon worker Thread 3" [_thread_blocked, id=1884, stack(0x000000b21d000000,0x000000b21d100000)]
  0x00000228619567e0 JavaThread "Asynchronous log dispatcher for DefaultDaemonConnection: socket connection from /127.0.0.1:19910 to /127.0.0.1:20255" [_thread_blocked, id=28588, stack(0x000000b21d100000,0x000000b21d200000)]
  0x0000022861954630 JavaThread "Stdin handler" [_thread_blocked, id=12752, stack(0x000000b21d200000,0x000000b21d300000)]
  0x0000022861951140 JavaThread "Daemon client event forwarder" [_thread_blocked, id=3724, stack(0x000000b21d300000,0x000000b21d400000)]
  0x0000022861957ff0 JavaThread "Cache worker for checksums cache (C:\Users\VnOptimus\IdeaProjects\NNLT\.gradle\7.5.1\checksums)" [_thread_blocked, id=15844, stack(0x000000b21d400000,0x000000b21d500000)]
  0x0000022861955e40 JavaThread "Cache worker for cache directory md-rule (C:\Users\VnOptimus\.gradle\caches\7.5.1\md-rule)" [_thread_blocked, id=25484, stack(0x000000b21d500000,0x000000b21d600000)]
  0x00000228619537c0 JavaThread "Cache worker for file hash cache (C:\Users\VnOptimus\IdeaProjects\NNLT\.gradle\7.5.1\fileHashes)" [_thread_blocked, id=18232, stack(0x000000b21db00000,0x000000b21dc00000)]
  0x0000022861954b00 JavaThread "Cache worker for cache directory md-supplier (C:\Users\VnOptimus\.gradle\caches\7.5.1\md-supplier)" [_thread_blocked, id=24436, stack(0x000000b21e000000,0x000000b21e100000)]
  0x00000228619584c0 JavaThread "Cache worker for dependencies-accessors (C:\Users\VnOptimus\IdeaProjects\NNLT\.gradle\7.5.1\dependencies-accessors)" [_thread_blocked, id=20184, stack(0x000000b21e200000,0x000000b21e300000)]
  0x0000022861954fd0 JavaThread "Cache worker for Build Output Cleanup Cache (C:\Users\VnOptimus\IdeaProjects\NNLT\.gradle\buildOutputCleanup)" [_thread_blocked, id=18228, stack(0x000000b21e300000,0x000000b21e400000)]
  0x0000022861956cb0 JavaThread "Unconstrained build operations" [_thread_blocked, id=21808, stack(0x000000b21e500000,0x000000b21e600000)]
  0x0000022861953c90 JavaThread "Unconstrained build operations Thread 2" [_thread_blocked, id=10128, stack(0x000000b21e600000,0x000000b21e700000)]
  0x0000022861957180 JavaThread "Unconstrained build operations Thread 3" [_thread_blocked, id=18040, stack(0x000000b21e700000,0x000000b21e800000)]
  0x0000022861950c70 JavaThread "Unconstrained build operations Thread 4" [_thread_blocked, id=4872, stack(0x000000b21e800000,0x000000b21e900000)]
  0x0000022861957650 JavaThread "Unconstrained build operations Thread 5" [_thread_blocked, id=26956, stack(0x000000b21e900000,0x000000b21ea00000)]
  0x0000022861957b20 JavaThread "Unconstrained build operations Thread 6" [_thread_blocked, id=7752, stack(0x000000b21ea00000,0x000000b21eb00000)]
  0x00000228619554a0 JavaThread "Unconstrained build operations Thread 7" [_thread_blocked, id=19204, stack(0x000000b21eb00000,0x000000b21ec00000)]
  0x0000022861951610 JavaThread "Unconstrained build operations Thread 8" [_thread_blocked, id=4536, stack(0x000000b21ec00000,0x000000b21ed00000)]
  0x0000022861951ae0 JavaThread "Unconstrained build operations Thread 9" [_thread_blocked, id=14668, stack(0x000000b21ed00000,0x000000b21ee00000)]
  0x0000022861951fb0 JavaThread "Unconstrained build operations Thread 10" [_thread_blocked, id=14192, stack(0x000000b21ee00000,0x000000b21ef00000)]
  0x0000022864abb520 JavaThread "Unconstrained build operations Thread 11" [_thread_blocked, id=10956, stack(0x000000b21ef00000,0x000000b21f000000)]
  0x0000022864abb050 JavaThread "Unconstrained build operations Thread 12" [_thread_blocked, id=6540, stack(0x000000b21f000000,0x000000b21f100000)]
  0x0000022864abbec0 JavaThread "Unconstrained build operations Thread 13" [_thread_blocked, id=26180, stack(0x000000b21f100000,0x000000b21f200000)]
  0x0000022864abe540 JavaThread "Unconstrained build operations Thread 14" [_thread_blocked, id=27080, stack(0x000000b21f200000,0x000000b21f300000)]
  0x0000022864abc860 JavaThread "Unconstrained build operations Thread 15" [_thread_blocked, id=12940, stack(0x000000b21f300000,0x000000b21f400000)]
  0x0000022864ab9840 JavaThread "Unconstrained build operations Thread 16" [_thread_blocked, id=27644, stack(0x000000b21f400000,0x000000b21f500000)]
  0x0000022864abcd30 JavaThread "Unconstrained build operations Thread 17" [_thread_blocked, id=27528, stack(0x000000b21f500000,0x000000b21f600000)]
  0x0000022864abd200 JavaThread "Unconstrained build operations Thread 18" [_thread_blocked, id=6472, stack(0x000000b21f600000,0x000000b21f700000)]
  0x0000022864abd6d0 JavaThread "Unconstrained build operations Thread 19" [_thread_blocked, id=20032, stack(0x000000b21f700000,0x000000b21f800000)]
  0x0000022864abf3b0 JavaThread "included builds" [_thread_blocked, id=28472, stack(0x000000b21f800000,0x000000b21f900000)]
  0x0000022864ab9370 JavaThread "Execution worker" [_thread_blocked, id=5908, stack(0x000000b21f900000,0x000000b21fa00000)]
  0x0000022864abea10 JavaThread "Execution worker Thread 2" [_thread_blocked, id=19140, stack(0x000000b21fb00000,0x000000b21fc00000)]
  0x0000022864abdba0 JavaThread "Execution worker Thread 3" [_thread_blocked, id=16764, stack(0x000000b21fd00000,0x000000b21fe00000)]
  0x000002286434ace0 JavaThread "Cache worker for execution history cache (C:\Users\VnOptimus\IdeaProjects\NNLT\.gradle\7.5.1\executionHistory)" [_thread_blocked, id=5700, stack(0x000000b21fe00000,0x000000b21ff00000)]
  0x00000228655d4040 JavaThread "Unconstrained build operations Thread 20" [_thread_blocked, id=14360, stack(0x000000b21ff00000,0x000000b220000000)]
  0x0000022863475f30 JavaThread "Unconstrained build operations Thread 21" [_thread_blocked, id=18384, stack(0x000000b220000000,0x000000b220100000)]
  0x00000228634703c0 JavaThread "Unconstrained build operations Thread 22" [_thread_blocked, id=27480, stack(0x000000b220100000,0x000000b220200000)]
  0x0000022863474720 JavaThread "Unconstrained build operations Thread 23" [_thread_blocked, id=7076, stack(0x000000b220200000,0x000000b220300000)]
  0x0000022864349e70 JavaThread "Unconstrained build operations Thread 24" [_thread_blocked, id=5496, stack(0x000000b220300000,0x000000b220400000)]
  0x000002286434b1b0 JavaThread "Unconstrained build operations Thread 25" [_thread_blocked, id=16128, stack(0x000000b220400000,0x000000b220500000)]
  0x000002286434a340 JavaThread "Unconstrained build operations Thread 26" [_thread_blocked, id=24848, stack(0x000000b220500000,0x000000b220600000)]
  0x000002286434a810 JavaThread "Unconstrained build operations Thread 27" [_thread_blocked, id=3068, stack(0x000000b220600000,0x000000b220700000)]
  0x000002286434b680 JavaThread "Unconstrained build operations Thread 28" [_thread_blocked, id=12908, stack(0x000000b220700000,0x000000b220800000)]
  0x0000022864b3d780 JavaThread "Unconstrained build operations Thread 29" [_thread_blocked, id=240, stack(0x000000b220800000,0x000000b220900000)]
  0x0000022864b407a0 JavaThread "Unconstrained build operations Thread 30" [_thread_blocked, id=23084, stack(0x000000b220900000,0x000000b220a00000)]
  0x0000022864b3e120 JavaThread "Unconstrained build operations Thread 31" [_thread_blocked, id=1796, stack(0x000000b220a00000,0x000000b220b00000)]
  0x000002286184d940 JavaThread "Unconstrained build operations Thread 32" [_thread_blocked, id=20084, stack(0x000000b220b00000,0x000000b220c00000)]
  0x0000022863470890 JavaThread "Unconstrained build operations Thread 33" [_thread_blocked, id=8276, stack(0x000000b220c00000,0x000000b220d00000)]
  0x0000022864b3dc50 JavaThread "Unconstrained build operations Thread 34" [_thread_blocked, id=9552, stack(0x000000b220d00000,0x000000b220e00000)]
  0x00000228655d49e0 JavaThread "Unconstrained build operations Thread 35" [_thread_blocked, id=24796, stack(0x000000b220e00000,0x000000b220f00000)]
  0x0000022864b3d2b0 JavaThread "Unconstrained build operations Thread 36" [_thread_blocked, id=11140, stack(0x000000b220f00000,0x000000b221000000)]
  0x0000022864b3e5f0 JavaThread "Unconstrained build operations Thread 37" [_thread_blocked, id=14704, stack(0x000000b221000000,0x000000b221100000)]
  0x0000022864b3eac0 JavaThread "Unconstrained build operations Thread 38" [_thread_blocked, id=5676, stack(0x000000b221100000,0x000000b221200000)]
  0x00000228655d4eb0 JavaThread "Unconstrained build operations Thread 39" [_thread_blocked, id=27052, stack(0x000000b221200000,0x000000b221300000)]
  0x00000228655d5850 JavaThread "Unconstrained build operations Thread 40" [_thread_blocked, id=15300, stack(0x000000b221300000,0x000000b221400000)]
  0x000002286184c130 JavaThread "Incoming local TCP Connector on port 20261" [_thread_blocked, id=27456, stack(0x000000b221400000,0x000000b221500000)]
  0x000002286184cfa0 JavaThread "Exec process" [_thread_in_native, id=5672, stack(0x000000b221700000,0x000000b221800000)]
  0x000002286184d470 JavaThread "Exec process Thread 2" [_thread_blocked, id=20676, stack(0x000000b221900000,0x000000b221a00000)]
  0x0000022863983a00 JavaThread "Exec process Thread 3" [_thread_in_native, id=1748, stack(0x000000b221a00000,0x000000b221b00000)]
  0x0000022863983ed0 JavaThread "Exec process Thread 4" [_thread_in_native, id=24464, stack(0x000000b221b00000,0x000000b221c00000)]
  0x0000022863983060 JavaThread "/127.0.0.1:20261 to /127.0.0.1:20262 workers" [_thread_blocked, id=17352, stack(0x000000b221500000,0x000000b221600000)]
  0x00000228639843a0 JavaThread "/127.0.0.1:20261 to /127.0.0.1:20262 workers Thread 2" [_thread_blocked, id=24744, stack(0x000000b221800000,0x000000b221900000)]
  0x00000228655d5380 JavaThread "/127.0.0.1:20261 to /127.0.0.1:20262 workers Thread 3" [_thread_blocked, id=27240, stack(0x000000b221c00000,0x000000b221d00000)]
  0x0000022864d2f060 JavaThread "/127.0.0.1:20261 to /127.0.0.1:20262 workers Thread 4" [_thread_blocked, id=3624, stack(0x000000b221d00000,0x000000b221e00000)]
  0x0000022864d2fa00 JavaThread "/127.0.0.1:20261 to /127.0.0.1:20262 workers Thread 5" [_thread_in_native, id=20844, stack(0x000000b221e00000,0x000000b221f00000)]

Other Threads:
  0x00000228416647b0 VMThread "VM Thread" [stack: 0x000000b21bc00000,0x000000b21bd00000] [id=24280]
  0x00000228618a3cc0 WatcherThread "VM Periodic Task Thread" [stack: 0x000000b21c800000,0x000000b21c900000] [id=23920]
  0x00000228415d4c20 WorkerThread "GC Thread#0" [stack: 0x000000b21b700000,0x000000b21b800000] [id=20124]
  0x0000022861ba91f0 WorkerThread "GC Thread#1" [stack: 0x000000b21c900000,0x000000b21ca00000] [id=17016]
  0x0000022861f98f40 WorkerThread "GC Thread#2" [stack: 0x000000b21ca00000,0x000000b21cb00000] [id=12460]
  0x0000022861f991e0 WorkerThread "GC Thread#3" [stack: 0x000000b21cb00000,0x000000b21cc00000] [id=15556]
  0x00000228415db0b0 ConcurrentGCThread "G1 Main Marker" [stack: 0x000000b21b800000,0x000000b21b900000] [id=10580]
  0x00000228415db850 WorkerThread "G1 Conc#0" [stack: 0x000000b21b900000,0x000000b21ba00000] [id=25100]
  0x00000228416462d0 ConcurrentGCThread "G1 Refine#0" [stack: 0x000000b21ba00000,0x000000b21bb00000] [id=28600]
  0x0000022864e62010 ConcurrentGCThread "G1 Refine#1" [stack: 0x000000b21fc00000,0x000000b21fd00000] [id=22344]
  0x0000022841646990 ConcurrentGCThread "G1 Service" [stack: 0x000000b21bb00000,0x000000b21bc00000] [id=14848]

Threads with active compile tasks:
C2 CompilerThread0   341494 14474       4       org.gradle.internal.logging.text.AbstractLineChoppingStyledTextOutput::access$800 (4 bytes)

VM state: not at safepoint (normal execution)

VM Mutex/Monitor currently owned by a thread: None

Heap address: 0x00000000e0000000, size: 512 MB, Compressed Oops mode: 32-bit

CDS archive(s) mapped at: [0x0000000800000000-0x0000000800ba0000-0x0000000800ba0000), size 12189696, SharedBaseAddress: 0x0000000800000000, ArchiveRelocationMode: 0.
Compressed class space mapped at: 0x0000000800c00000-0x000000080dc00000, reserved size: 218103808
Narrow klass base: 0x0000000800000000, Narrow klass shift: 0, Narrow klass range: 0x100000000

GC Precious Log:
 CardTable entry size: 512
 Card Set container configuration: InlinePtr #cards 5 size 8 Array Of Cards #cards 12 size 40 Howl #buckets 4 coarsen threshold 1843 Howl Bitmap #cards 512 size 80 coarsen threshold 460 Card regions per heap region 1 cards per card region 2048
 CPUs: 4 total, 4 available
 Memory: 8065M
 Large Page Support: Disabled
 NUMA Support: Disabled
 Compressed Oops: Enabled (32-bit)
 Heap Region Size: 1M
 Heap Min Capacity: 256M
 Heap Initial Capacity: 256M
 Heap Max Capacity: 512M
 Pre-touch: Disabled
 Parallel Workers: 4
 Concurrent Workers: 1
 Concurrent Refinement Workers: 4
 Periodic GC: Disabled

Heap:
 garbage-first heap   total 262144K, used 113521K [0x00000000e0000000, 0x0000000100000000)
  region size 1024K, 18 young (18432K), 7 survivors (7168K)
 Metaspace       used 79989K, committed 82112K, reserved 344064K
  class space    used 10761K, committed 11840K, reserved 212992K

Heap Regions: E=young(eden), S=young(survivor), O=old, HS=humongous(starts), HC=humongous(continues), CS=collection set, F=free, OA=open archive, CA=closed archive, TAMS=top-at-mark-start (previous, next)
|   0|0x00000000e0000000, 0x00000000e0100000, 0x00000000e0100000|100%|HS|  |TAMS 0x00000000e0100000, 0x00000000e0000000| Complete 
|   1|0x00000000e0100000, 0x00000000e0200000, 0x00000000e0200000|100%|HC|  |TAMS 0x00000000e0200000, 0x00000000e0100000| Complete 
|   2|0x00000000e0200000, 0x00000000e0300000, 0x00000000e0300000|100%|HC|  |TAMS 0x00000000e0300000, 0x00000000e0200000| Complete 
|   3|0x00000000e0300000, 0x00000000e0400000, 0x00000000e0400000|100%| O|  |TAMS 0x00000000e0400000, 0x00000000e0300000| Untracked 
|   4|0x00000000e0400000, 0x00000000e0500000, 0x00000000e0500000|100%| O|  |TAMS 0x00000000e0500000, 0x00000000e0400000| Untracked 
|   5|0x00000000e0500000, 0x00000000e0600000, 0x00000000e0600000|100%| O|  |TAMS 0x00000000e0600000, 0x00000000e0500000| Untracked 
|   6|0x00000000e0600000, 0x00000000e0700000, 0x00000000e0700000|100%| O|  |TAMS 0x00000000e0700000, 0x00000000e0600000| Untracked 
|   7|0x00000000e0700000, 0x00000000e0800000, 0x00000000e0800000|100%| O|  |TAMS 0x00000000e0800000, 0x00000000e0700000| Untracked 
|   8|0x00000000e0800000, 0x00000000e0900000, 0x00000000e0900000|100%| O|  |TAMS 0x00000000e0900000, 0x00000000e0800000| Untracked 
|   9|0x00000000e0900000, 0x00000000e0a00000, 0x00000000e0a00000|100%| O|  |TAMS 0x00000000e0a00000, 0x00000000e0900000| Untracked 
|  10|0x00000000e0a00000, 0x00000000e0b00000, 0x00000000e0b00000|100%| O|  |TAMS 0x00000000e0b00000, 0x00000000e0a00000| Untracked 
|  11|0x00000000e0b00000, 0x00000000e0c00000, 0x00000000e0c00000|100%|HS|  |TAMS 0x00000000e0c00000, 0x00000000e0b00000| Complete 
|  12|0x00000000e0c00000, 0x00000000e0d00000, 0x00000000e0d00000|100%|HC|  |TAMS 0x00000000e0d00000, 0x00000000e0c00000| Complete 
|  13|0x00000000e0d00000, 0x00000000e0e00000, 0x00000000e0e00000|100%|HC|  |TAMS 0x00000000e0e00000, 0x00000000e0d00000| Complete 
|  14|0x00000000e0e00000, 0x00000000e0f00000, 0x00000000e0f00000|100%|HC|  |TAMS 0x00000000e0f00000, 0x00000000e0e00000| Complete 
|  15|0x00000000e0f00000, 0x00000000e1000000, 0x00000000e1000000|100%|HC|  |TAMS 0x00000000e1000000, 0x00000000e0f00000| Complete 
|  16|0x00000000e1000000, 0x00000000e1100000, 0x00000000e1100000|100%|HS|  |TAMS 0x00000000e1100000, 0x00000000e1000000| Complete 
|  17|0x00000000e1100000, 0x00000000e1200000, 0x00000000e1200000|100%|HC|  |TAMS 0x00000000e1200000, 0x00000000e1100000| Complete 
|  18|0x00000000e1200000, 0x00000000e1300000, 0x00000000e1300000|100%|HC|  |TAMS 0x00000000e1300000, 0x00000000e1200000| Complete 
|  19|0x00000000e1300000, 0x00000000e1400000, 0x00000000e1400000|100%|HC|  |TAMS 0x00000000e1400000, 0x00000000e1300000| Complete 
|  20|0x00000000e1400000, 0x00000000e1500000, 0x00000000e1500000|100%| O|  |TAMS 0x00000000e1500000, 0x00000000e1400000| Untracked 
|  21|0x00000000e1500000, 0x00000000e1600000, 0x00000000e1600000|100%| O|  |TAMS 0x00000000e1500000, 0x00000000e1500000| Untracked 
|  22|0x00000000e1600000, 0x00000000e1700000, 0x00000000e1700000|100%| O|  |TAMS 0x00000000e1700000, 0x00000000e1600000| Untracked 
|  23|0x00000000e1700000, 0x00000000e1800000, 0x00000000e1800000|100%| O|  |TAMS 0x00000000e1800000, 0x00000000e1700000| Untracked 
|  24|0x00000000e1800000, 0x00000000e1900000, 0x00000000e1900000|100%| O|  |TAMS 0x00000000e1900000, 0x00000000e1800000| Untracked 
|  25|0x00000000e1900000, 0x00000000e1a00000, 0x00000000e1a00000|100%| O|  |TAMS 0x00000000e1a00000, 0x00000000e1900000| Untracked 
|  26|0x00000000e1a00000, 0x00000000e1b00000, 0x00000000e1b00000|100%| O|  |TAMS 0x00000000e1b00000, 0x00000000e1a00000| Untracked 
|  27|0x00000000e1b00000, 0x00000000e1c00000, 0x00000000e1c00000|100%| O|  |TAMS 0x00000000e1c00000, 0x00000000e1b00000| Untracked 
|  28|0x00000000e1c00000, 0x00000000e1d00000, 0x00000000e1d00000|100%| O|  |TAMS 0x00000000e1d00000, 0x00000000e1c00000| Untracked 
|  29|0x00000000e1d00000, 0x00000000e1e00000, 0x00000000e1e00000|100%| O|  |TAMS 0x00000000e1e00000, 0x00000000e1d00000| Untracked 
|  30|0x00000000e1e00000, 0x00000000e1f00000, 0x00000000e1f00000|100%| O|  |TAMS 0x00000000e1f00000, 0x00000000e1e00000| Untracked 
|  31|0x00000000e1f00000, 0x00000000e2000000, 0x00000000e2000000|100%| O|  |TAMS 0x00000000e2000000, 0x00000000e1f00000| Untracked 
|  32|0x00000000e2000000, 0x00000000e2100000, 0x00000000e2100000|100%| O|  |TAMS 0x00000000e2100000, 0x00000000e2000000| Untracked 
|  33|0x00000000e2100000, 0x00000000e2200000, 0x00000000e2200000|100%| O|  |TAMS 0x00000000e2200000, 0x00000000e2100000| Untracked 
|  34|0x00000000e2200000, 0x00000000e2300000, 0x00000000e2300000|100%| O|  |TAMS 0x00000000e2300000, 0x00000000e2200000| Untracked 
|  35|0x00000000e2300000, 0x00000000e2400000, 0x00000000e2400000|100%| O|  |TAMS 0x00000000e2400000, 0x00000000e2300000| Untracked 
|  36|0x00000000e2400000, 0x00000000e2500000, 0x00000000e2500000|100%| O|  |TAMS 0x00000000e2500000, 0x00000000e2400000| Untracked 
|  37|0x00000000e2500000, 0x00000000e2600000, 0x00000000e2600000|100%| O|  |TAMS 0x00000000e2600000, 0x00000000e2500000| Untracked 
|  38|0x00000000e2600000, 0x00000000e2700000, 0x00000000e2700000|100%| O|  |TAMS 0x00000000e2700000, 0x00000000e2600000| Untracked 
|  39|0x00000000e2700000, 0x00000000e2800000, 0x00000000e2800000|100%| O|  |TAMS 0x00000000e2800000, 0x00000000e2700000| Untracked 
|  40|0x00000000e2800000, 0x00000000e2900000, 0x00000000e2900000|100%|HS|  |TAMS 0x00000000e2900000, 0x00000000e2800000| Complete 
|  41|0x00000000e2900000, 0x00000000e2a00000, 0x00000000e2a00000|100%|HC|  |TAMS 0x00000000e2a00000, 0x00000000e2900000| Complete 
|  42|0x00000000e2a00000, 0x00000000e2b00000, 0x00000000e2b00000|100%|HC|  |TAMS 0x00000000e2b00000, 0x00000000e2a00000| Complete 
|  43|0x00000000e2b00000, 0x00000000e2c00000, 0x00000000e2c00000|100%|HC|  |TAMS 0x00000000e2c00000, 0x00000000e2b00000| Complete 
|  44|0x00000000e2c00000, 0x00000000e2d00000, 0x00000000e2d00000|100%|HC|  |TAMS 0x00000000e2d00000, 0x00000000e2c00000| Complete 
|  45|0x00000000e2d00000, 0x00000000e2e00000, 0x00000000e2e00000|100%|HS|  |TAMS 0x00000000e2e00000, 0x00000000e2d00000| Complete 
|  46|0x00000000e2e00000, 0x00000000e2f00000, 0x00000000e2f00000|100%|HC|  |TAMS 0x00000000e2f00000, 0x00000000e2e00000| Complete 
|  47|0x00000000e2f00000, 0x00000000e3000000, 0x00000000e3000000|100%|HC|  |TAMS 0x00000000e3000000, 0x00000000e2f00000| Complete 
|  48|0x00000000e3000000, 0x00000000e3100000, 0x00000000e3100000|100%|HC|  |TAMS 0x00000000e3100000, 0x00000000e3000000| Complete 
|  49|0x00000000e3100000, 0x00000000e3200000, 0x00000000e3200000|100%| O|  |TAMS 0x00000000e3200000, 0x00000000e3100000| Untracked 
|  50|0x00000000e3200000, 0x00000000e3300000, 0x00000000e3300000|100%| O|  |TAMS 0x00000000e3300000, 0x00000000e3200000| Untracked 
|  51|0x00000000e3300000, 0x00000000e3400000, 0x00000000e3400000|100%| O|  |TAMS 0x00000000e3400000, 0x00000000e3300000| Untracked 
|  52|0x00000000e3400000, 0x00000000e3500000, 0x00000000e3500000|100%| O|  |TAMS 0x00000000e3500000, 0x00000000e3400000| Untracked 
|  53|0x00000000e3500000, 0x00000000e3600000, 0x00000000e3600000|100%| O|  |TAMS 0x00000000e3600000, 0x00000000e3500000| Untracked 
|  54|0x00000000e3600000, 0x00000000e3700000, 0x00000000e3700000|100%| O|  |TAMS 0x00000000e3700000, 0x00000000e3600000| Untracked 
|  55|0x00000000e3700000, 0x00000000e3800000, 0x00000000e3800000|100%| O|  |TAMS 0x00000000e3800000, 0x00000000e3700000| Untracked 
|  56|0x00000000e3800000, 0x00000000e3900000, 0x00000000e3900000|100%| O|  |TAMS 0x00000000e3900000, 0x00000000e3800000| Untracked 
|  57|0x00000000e3900000, 0x00000000e3a00000, 0x00000000e3a00000|100%| O|  |TAMS 0x00000000e3a00000, 0x00000000e3900000| Untracked 
|  58|0x00000000e3a00000, 0x00000000e3b00000, 0x00000000e3b00000|100%| O|  |TAMS 0x00000000e3b00000, 0x00000000e3a00000| Untracked 
|  59|0x00000000e3b00000, 0x00000000e3c00000, 0x00000000e3c00000|100%| O|  |TAMS 0x00000000e3c00000, 0x00000000e3b00000| Untracked 
|  60|0x00000000e3c00000, 0x00000000e3d00000, 0x00000000e3d00000|100%| O|  |TAMS 0x00000000e3c90e00, 0x00000000e3c00000| Untracked 
|  61|0x00000000e3d00000, 0x00000000e3e00000, 0x00000000e3e00000|100%|HS|  |TAMS 0x00000000e3e00000, 0x00000000e3d00000| Complete 
|  62|0x00000000e3e00000, 0x00000000e3f00000, 0x00000000e3f00000|100%|HC|  |TAMS 0x00000000e3f00000, 0x00000000e3e00000| Complete 
|  63|0x00000000e3f00000, 0x00000000e4000000, 0x00000000e4000000|100%|HC|  |TAMS 0x00000000e4000000, 0x00000000e3f00000| Complete 
|  64|0x00000000e4000000, 0x00000000e4100000, 0x00000000e4100000|100%|HC|  |TAMS 0x00000000e4100000, 0x00000000e4000000| Complete 
|  65|0x00000000e4100000, 0x00000000e4200000, 0x00000000e4200000|100%|HC|  |TAMS 0x00000000e4200000, 0x00000000e4100000| Complete 
|  66|0x00000000e4200000, 0x00000000e4300000, 0x00000000e4300000|100%|HS|  |TAMS 0x00000000e4300000, 0x00000000e4200000| Complete 
|  67|0x00000000e4300000, 0x00000000e4400000, 0x00000000e4400000|100%|HC|  |TAMS 0x00000000e4400000, 0x00000000e4300000| Complete 
|  68|0x00000000e4400000, 0x00000000e4500000, 0x00000000e4500000|100%|HC|  |TAMS 0x00000000e4500000, 0x00000000e4400000| Complete 
|  69|0x00000000e4500000, 0x00000000e4600000, 0x00000000e4600000|100%|HC|  |TAMS 0x00000000e4600000, 0x00000000e4500000| Complete 
|  70|0x00000000e4600000, 0x00000000e4700000, 0x00000000e4700000|100%| O|  |TAMS 0x00000000e4600000, 0x00000000e4600000| Untracked 
|  71|0x00000000e4700000, 0x00000000e4800000, 0x00000000e4800000|100%| O|  |TAMS 0x00000000e4700000, 0x00000000e4700000| Untracked 
|  72|0x00000000e4800000, 0x00000000e4900000, 0x00000000e4900000|100%| O|  |TAMS 0x00000000e4800000, 0x00000000e4800000| Untracked 
|  73|0x00000000e4900000, 0x00000000e4a00000, 0x00000000e4a00000|100%| O|  |TAMS 0x00000000e4900000, 0x00000000e4900000| Untracked 
|  74|0x00000000e4a00000, 0x00000000e4b00000, 0x00000000e4b00000|100%| O|  |TAMS 0x00000000e4a00000, 0x00000000e4a00000| Untracked 
|  75|0x00000000e4b00000, 0x00000000e4c00000, 0x00000000e4c00000|100%| O|  |TAMS 0x00000000e4b00000, 0x00000000e4b00000| Untracked 
|  76|0x00000000e4c00000, 0x00000000e4d00000, 0x00000000e4d00000|100%| O|  |TAMS 0x00000000e4c00000, 0x00000000e4c00000| Untracked 
|  77|0x00000000e4d00000, 0x00000000e4e00000, 0x00000000e4e00000|100%| O|  |TAMS 0x00000000e4d00000, 0x00000000e4d00000| Untracked 
|  78|0x00000000e4e00000, 0x00000000e4f00000, 0x00000000e4f00000|100%| O|  |TAMS 0x00000000e4e00000, 0x00000000e4e00000| Untracked 
|  79|0x00000000e4f00000, 0x00000000e5000000, 0x00000000e5000000|100%| O|  |TAMS 0x00000000e4f00000, 0x00000000e4f00000| Untracked 
|  80|0x00000000e5000000, 0x00000000e5100000, 0x00000000e5100000|100%| O|  |TAMS 0x00000000e5000000, 0x00000000e5000000| Untracked 
|  81|0x00000000e5100000, 0x00000000e5200000, 0x00000000e5200000|100%| O|  |TAMS 0x00000000e5100000, 0x00000000e5100000| Untracked 
|  82|0x00000000e5200000, 0x00000000e5300000, 0x00000000e5300000|100%| O|  |TAMS 0x00000000e5200000, 0x00000000e5200000| Untracked 
|  83|0x00000000e5300000, 0x00000000e5400000, 0x00000000e5400000|100%| O|  |TAMS 0x00000000e5300000, 0x00000000e5300000| Untracked 
|  84|0x00000000e5400000, 0x00000000e5500000, 0x00000000e5500000|100%| O|  |TAMS 0x00000000e5400000, 0x00000000e5400000| Untracked 
|  85|0x00000000e5500000, 0x00000000e5600000, 0x00000000e5600000|100%| O|  |TAMS 0x00000000e5500000, 0x00000000e5500000| Untracked 
|  86|0x00000000e5600000, 0x00000000e5700000, 0x00000000e5700000|100%| O|  |TAMS 0x00000000e5600000, 0x00000000e5600000| Untracked 
|  87|0x00000000e5700000, 0x00000000e5800000, 0x00000000e5800000|100%| O|  |TAMS 0x00000000e5700000, 0x00000000e5700000| Untracked 
|  88|0x00000000e5800000, 0x00000000e5900000, 0x00000000e5900000|100%| O|  |TAMS 0x00000000e5800000, 0x00000000e5800000| Untracked 
|  89|0x00000000e5900000, 0x00000000e5a00000, 0x00000000e5a00000|100%| O|  |TAMS 0x00000000e5900000, 0x00000000e5900000| Untracked 
|  90|0x00000000e5a00000, 0x00000000e5b00000, 0x00000000e5b00000|100%| O|  |TAMS 0x00000000e5a00000, 0x00000000e5a00000| Untracked 
|  91|0x00000000e5b00000, 0x00000000e5c00000, 0x00000000e5c00000|100%| O|  |TAMS 0x00000000e5b00000, 0x00000000e5b00000| Untracked 
|  92|0x00000000e5c00000, 0x00000000e5d00000, 0x00000000e5d00000|100%| O|  |TAMS 0x00000000e5c00000, 0x00000000e5c00000| Untracked 
|  93|0x00000000e5d00000, 0x00000000e5ddc400, 0x00000000e5e00000| 86%| O|  |TAMS 0x00000000e5d00000, 0x00000000e5d00000| Untracked 
|  94|0x00000000e5e00000, 0x00000000e5e00000, 0x00000000e5f00000|  0%| F|  |TAMS 0x00000000e5e00000, 0x00000000e5e00000| Untracked 
|  95|0x00000000e5f00000, 0x00000000e5f00000, 0x00000000e6000000|  0%| F|  |TAMS 0x00000000e5f00000, 0x00000000e5f00000| Untracked 
|  96|0x00000000e6000000, 0x00000000e6000000, 0x00000000e6100000|  0%| F|  |TAMS 0x00000000e6000000, 0x00000000e6000000| Untracked 
|  97|0x00000000e6100000, 0x00000000e6100000, 0x00000000e6200000|  0%| F|  |TAMS 0x00000000e6100000, 0x00000000e6100000| Untracked 
|  98|0x00000000e6200000, 0x00000000e6200000, 0x00000000e6300000|  0%| F|  |TAMS 0x00000000e6200000, 0x00000000e6200000| Untracked 
|  99|0x00000000e6300000, 0x00000000e6300000, 0x00000000e6400000|  0%| F|  |TAMS 0x00000000e6300000, 0x00000000e6300000| Untracked 
| 100|0x00000000e6400000, 0x00000000e6400000, 0x00000000e6500000|  0%| F|  |TAMS 0x00000000e6400000, 0x00000000e6400000| Untracked 
| 101|0x00000000e6500000, 0x00000000e6500000, 0x00000000e6600000|  0%| F|  |TAMS 0x00000000e6500000, 0x00000000e6500000| Untracked 
| 102|0x00000000e6600000, 0x00000000e6600000, 0x00000000e6700000|  0%| F|  |TAMS 0x00000000e6600000, 0x00000000e6600000| Untracked 
| 103|0x00000000e6700000, 0x00000000e6700000, 0x00000000e6800000|  0%| F|  |TAMS 0x00000000e6700000, 0x00000000e6700000| Untracked 
| 104|0x00000000e6800000, 0x00000000e6800000, 0x00000000e6900000|  0%| F|  |TAMS 0x00000000e6800000, 0x00000000e6800000| Untracked 
| 105|0x00000000e6900000, 0x00000000e6900000, 0x00000000e6a00000|  0%| F|  |TAMS 0x00000000e6900000, 0x00000000e6900000| Untracked 
| 106|0x00000000e6a00000, 0x00000000e6a00000, 0x00000000e6b00000|  0%| F|  |TAMS 0x00000000e6a00000, 0x00000000e6a00000| Untracked 
| 107|0x00000000e6b00000, 0x00000000e6b00000, 0x00000000e6c00000|  0%| F|  |TAMS 0x00000000e6b00000, 0x00000000e6b00000| Untracked 
| 108|0x00000000e6c00000, 0x00000000e6c00000, 0x00000000e6d00000|  0%| F|  |TAMS 0x00000000e6c00000, 0x00000000e6c00000| Untracked 
| 109|0x00000000e6d00000, 0x00000000e6d00000, 0x00000000e6e00000|  0%| F|  |TAMS 0x00000000e6d00000, 0x00000000e6d00000| Untracked 
| 110|0x00000000e6e00000, 0x00000000e6e00000, 0x00000000e6f00000|  0%| F|  |TAMS 0x00000000e6e00000, 0x00000000e6e00000| Untracked 
| 111|0x00000000e6f00000, 0x00000000e6f00000, 0x00000000e7000000|  0%| F|  |TAMS 0x00000000e6f00000, 0x00000000e6f00000| Untracked 
| 112|0x00000000e7000000, 0x00000000e7000000, 0x00000000e7100000|  0%| F|  |TAMS 0x00000000e7000000, 0x00000000e7000000| Untracked 
| 113|0x00000000e7100000, 0x00000000e7100000, 0x00000000e7200000|  0%| F|  |TAMS 0x00000000e7100000, 0x00000000e7100000| Untracked 
| 114|0x00000000e7200000, 0x00000000e7200000, 0x00000000e7300000|  0%| F|  |TAMS 0x00000000e7200000, 0x00000000e7200000| Untracked 
| 115|0x00000000e7300000, 0x00000000e7300000, 0x00000000e7400000|  0%| F|  |TAMS 0x00000000e7300000, 0x00000000e7300000| Untracked 
| 116|0x00000000e7400000, 0x00000000e7400000, 0x00000000e7500000|  0%| F|  |TAMS 0x00000000e7400000, 0x00000000e7400000| Untracked 
| 117|0x00000000e7500000, 0x00000000e7500000, 0x00000000e7600000|  0%| F|  |TAMS 0x00000000e7500000, 0x00000000e7500000| Untracked 
| 118|0x00000000e7600000, 0x00000000e7600000, 0x00000000e7700000|  0%| F|  |TAMS 0x00000000e7600000, 0x00000000e7600000| Untracked 
| 119|0x00000000e7700000, 0x00000000e7700000, 0x00000000e7800000|  0%| F|  |TAMS 0x00000000e7700000, 0x00000000e7700000| Untracked 
| 120|0x00000000e7800000, 0x00000000e7800000, 0x00000000e7900000|  0%| F|  |TAMS 0x00000000e7800000, 0x00000000e7800000| Untracked 
| 121|0x00000000e7900000, 0x00000000e7900000, 0x00000000e7a00000|  0%| F|  |TAMS 0x00000000e7900000, 0x00000000e7900000| Untracked 
| 122|0x00000000e7a00000, 0x00000000e7a00000, 0x00000000e7b00000|  0%| F|  |TAMS 0x00000000e7a00000, 0x00000000e7a00000| Untracked 
| 123|0x00000000e7b00000, 0x00000000e7b00000, 0x00000000e7c00000|  0%| F|  |TAMS 0x00000000e7b00000, 0x00000000e7b00000| Untracked 
| 124|0x00000000e7c00000, 0x00000000e7c00000, 0x00000000e7d00000|  0%| F|  |TAMS 0x00000000e7c00000, 0x00000000e7c00000| Untracked 
| 125|0x00000000e7d00000, 0x00000000e7d00000, 0x00000000e7e00000|  0%| F|  |TAMS 0x00000000e7d00000, 0x00000000e7d00000| Untracked 
| 126|0x00000000e7e00000, 0x00000000e7e00000, 0x00000000e7f00000|  0%| F|  |TAMS 0x00000000e7e00000, 0x00000000e7e00000| Untracked 
| 127|0x00000000e7f00000, 0x00000000e7f00000, 0x00000000e8000000|  0%| F|  |TAMS 0x00000000e7f00000, 0x00000000e7f00000| Untracked 
| 128|0x00000000e8000000, 0x00000000e8000000, 0x00000000e8100000|  0%| F|  |TAMS 0x00000000e8000000, 0x00000000e8000000| Untracked 
| 129|0x00000000e8100000, 0x00000000e8100000, 0x00000000e8200000|  0%| F|  |TAMS 0x00000000e8100000, 0x00000000e8100000| Untracked 
| 130|0x00000000e8200000, 0x00000000e8200000, 0x00000000e8300000|  0%| F|  |TAMS 0x00000000e8200000, 0x00000000e8200000| Untracked 
| 131|0x00000000e8300000, 0x00000000e8300000, 0x00000000e8400000|  0%| F|  |TAMS 0x00000000e8300000, 0x00000000e8300000| Untracked 
| 132|0x00000000e8400000, 0x00000000e8400000, 0x00000000e8500000|  0%| F|  |TAMS 0x00000000e8400000, 0x00000000e8400000| Untracked 
| 133|0x00000000e8500000, 0x00000000e8500000, 0x00000000e8600000|  0%| F|  |TAMS 0x00000000e8500000, 0x00000000e8500000| Untracked 
| 134|0x00000000e8600000, 0x00000000e8600000, 0x00000000e8700000|  0%| F|  |TAMS 0x00000000e8600000, 0x00000000e8600000| Untracked 
| 135|0x00000000e8700000, 0x00000000e8700000, 0x00000000e8800000|  0%| F|  |TAMS 0x00000000e8700000, 0x00000000e8700000| Untracked 
| 136|0x00000000e8800000, 0x00000000e8900000, 0x00000000e8900000|100%| S|CS|TAMS 0x00000000e8800000, 0x00000000e8800000| Complete 
| 137|0x00000000e8900000, 0x00000000e8a00000, 0x00000000e8a00000|100%| S|CS|TAMS 0x00000000e8900000, 0x00000000e8900000| Complete 
| 138|0x00000000e8a00000, 0x00000000e8b00000, 0x00000000e8b00000|100%| S|CS|TAMS 0x00000000e8a00000, 0x00000000e8a00000| Complete 
| 139|0x00000000e8b00000, 0x00000000e8c00000, 0x00000000e8c00000|100%| S|CS|TAMS 0x00000000e8b00000, 0x00000000e8b00000| Complete 
| 140|0x00000000e8c00000, 0x00000000e8d00000, 0x00000000e8d00000|100%| S|CS|TAMS 0x00000000e8c00000, 0x00000000e8c00000| Complete 
| 141|0x00000000e8d00000, 0x00000000e8e00000, 0x00000000e8e00000|100%| S|CS|TAMS 0x00000000e8d00000, 0x00000000e8d00000| Complete 
| 142|0x00000000e8e00000, 0x00000000e8f00000, 0x00000000e8f00000|100%| S|CS|TAMS 0x00000000e8e00000, 0x00000000e8e00000| Complete 
| 143|0x00000000e8f00000, 0x00000000e8f00000, 0x00000000e9000000|  0%| F|  |TAMS 0x00000000e8f00000, 0x00000000e8f00000| Untracked 
| 144|0x00000000e9000000, 0x00000000e9000000, 0x00000000e9100000|  0%| F|  |TAMS 0x00000000e9000000, 0x00000000e9000000| Untracked 
| 145|0x00000000e9100000, 0x00000000e9100000, 0x00000000e9200000|  0%| F|  |TAMS 0x00000000e9100000, 0x00000000e9100000| Untracked 
| 146|0x00000000e9200000, 0x00000000e9200000, 0x00000000e9300000|  0%| F|  |TAMS 0x00000000e9200000, 0x00000000e9200000| Untracked 
| 147|0x00000000e9300000, 0x00000000e9300000, 0x00000000e9400000|  0%| F|  |TAMS 0x00000000e9300000, 0x00000000e9300000| Untracked 
| 148|0x00000000e9400000, 0x00000000e9400000, 0x00000000e9500000|  0%| F|  |TAMS 0x00000000e9400000, 0x00000000e9400000| Untracked 
| 149|0x00000000e9500000, 0x00000000e9500000, 0x00000000e9600000|  0%| F|  |TAMS 0x00000000e9500000, 0x00000000e9500000| Untracked 
| 150|0x00000000e9600000, 0x00000000e9600000, 0x00000000e9700000|  0%| F|  |TAMS 0x00000000e9600000, 0x00000000e9600000| Untracked 
| 151|0x00000000e9700000, 0x00000000e9700000, 0x00000000e9800000|  0%| F|  |TAMS 0x00000000e9700000, 0x00000000e9700000| Untracked 
| 152|0x00000000e9800000, 0x00000000e9800000, 0x00000000e9900000|  0%| F|  |TAMS 0x00000000e9800000, 0x00000000e9800000| Untracked 
| 153|0x00000000e9900000, 0x00000000e9900000, 0x00000000e9a00000|  0%| F|  |TAMS 0x00000000e9900000, 0x00000000e9900000| Untracked 
| 154|0x00000000e9a00000, 0x00000000e9a00000, 0x00000000e9b00000|  0%| F|  |TAMS 0x00000000e9a00000, 0x00000000e9a00000| Untracked 
| 155|0x00000000e9b00000, 0x00000000e9b00000, 0x00000000e9c00000|  0%| F|  |TAMS 0x00000000e9b00000, 0x00000000e9b00000| Untracked 
| 156|0x00000000e9c00000, 0x00000000e9c00000, 0x00000000e9d00000|  0%| F|  |TAMS 0x00000000e9c00000, 0x00000000e9c00000| Untracked 
| 157|0x00000000e9d00000, 0x00000000e9d00000, 0x00000000e9e00000|  0%| F|  |TAMS 0x00000000e9d00000, 0x00000000e9d00000| Untracked 
| 158|0x00000000e9e00000, 0x00000000e9e00000, 0x00000000e9f00000|  0%| F|  |TAMS 0x00000000e9e00000, 0x00000000e9e00000| Untracked 
| 159|0x00000000e9f00000, 0x00000000e9f00000, 0x00000000ea000000|  0%| F|  |TAMS 0x00000000e9f00000, 0x00000000e9f00000| Untracked 
| 160|0x00000000ea000000, 0x00000000ea000000, 0x00000000ea100000|  0%| F|  |TAMS 0x00000000ea000000, 0x00000000ea000000| Untracked 
| 161|0x00000000ea100000, 0x00000000ea100000, 0x00000000ea200000|  0%| F|  |TAMS 0x00000000ea100000, 0x00000000ea100000| Untracked 
| 162|0x00000000ea200000, 0x00000000ea200000, 0x00000000ea300000|  0%| F|  |TAMS 0x00000000ea200000, 0x00000000ea200000| Untracked 
| 163|0x00000000ea300000, 0x00000000ea300000, 0x00000000ea400000|  0%| F|  |TAMS 0x00000000ea300000, 0x00000000ea300000| Untracked 
| 164|0x00000000ea400000, 0x00000000ea400000, 0x00000000ea500000|  0%| F|  |TAMS 0x00000000ea400000, 0x00000000ea400000| Untracked 
| 165|0x00000000ea500000, 0x00000000ea500000, 0x00000000ea600000|  0%| F|  |TAMS 0x00000000ea500000, 0x00000000ea500000| Untracked 
| 166|0x00000000ea600000, 0x00000000ea600000, 0x00000000ea700000|  0%| F|  |TAMS 0x00000000ea600000, 0x00000000ea600000| Untracked 
| 167|0x00000000ea700000, 0x00000000ea700000, 0x00000000ea800000|  0%| F|  |TAMS 0x00000000ea700000, 0x00000000ea700000| Untracked 
| 168|0x00000000ea800000, 0x00000000ea800000, 0x00000000ea900000|  0%| F|  |TAMS 0x00000000ea800000, 0x00000000ea800000| Untracked 
| 169|0x00000000ea900000, 0x00000000ea900000, 0x00000000eaa00000|  0%| F|  |TAMS 0x00000000ea900000, 0x00000000ea900000| Untracked 
| 170|0x00000000eaa00000, 0x00000000eaa00000, 0x00000000eab00000|  0%| F|  |TAMS 0x00000000eaa00000, 0x00000000eaa00000| Untracked 
| 171|0x00000000eab00000, 0x00000000eab00000, 0x00000000eac00000|  0%| F|  |TAMS 0x00000000eab00000, 0x00000000eab00000| Untracked 
| 172|0x00000000eac00000, 0x00000000eac00000, 0x00000000ead00000|  0%| F|  |TAMS 0x00000000eac00000, 0x00000000eac00000| Untracked 
| 173|0x00000000ead00000, 0x00000000ead00000, 0x00000000eae00000|  0%| F|  |TAMS 0x00000000ead00000, 0x00000000ead00000| Untracked 
| 174|0x00000000eae00000, 0x00000000eae00000, 0x00000000eaf00000|  0%| F|  |TAMS 0x00000000eae00000, 0x00000000eae00000| Untracked 
| 175|0x00000000eaf00000, 0x00000000eaf00000, 0x00000000eb000000|  0%| F|  |TAMS 0x00000000eaf00000, 0x00000000eaf00000| Untracked 
| 176|0x00000000eb000000, 0x00000000eb000000, 0x00000000eb100000|  0%| F|  |TAMS 0x00000000eb000000, 0x00000000eb000000| Untracked 
| 177|0x00000000eb100000, 0x00000000eb100000, 0x00000000eb200000|  0%| F|  |TAMS 0x00000000eb100000, 0x00000000eb100000| Untracked 
| 178|0x00000000eb200000, 0x00000000eb200000, 0x00000000eb300000|  0%| F|  |TAMS 0x00000000eb200000, 0x00000000eb200000| Untracked 
| 179|0x00000000eb300000, 0x00000000eb300000, 0x00000000eb400000|  0%| F|  |TAMS 0x00000000eb300000, 0x00000000eb300000| Untracked 
| 180|0x00000000eb400000, 0x00000000eb400000, 0x00000000eb500000|  0%| F|  |TAMS 0x00000000eb400000, 0x00000000eb400000| Untracked 
| 181|0x00000000eb500000, 0x00000000eb500000, 0x00000000eb600000|  0%| F|  |TAMS 0x00000000eb500000, 0x00000000eb500000| Untracked 
| 182|0x00000000eb600000, 0x00000000eb600000, 0x00000000eb700000|  0%| F|  |TAMS 0x00000000eb600000, 0x00000000eb600000| Untracked 
| 183|0x00000000eb700000, 0x00000000eb700000, 0x00000000eb800000|  0%| F|  |TAMS 0x00000000eb700000, 0x00000000eb700000| Untracked 
| 184|0x00000000eb800000, 0x00000000eb800000, 0x00000000eb900000|  0%| F|  |TAMS 0x00000000eb800000, 0x00000000eb800000| Untracked 
| 185|0x00000000eb900000, 0x00000000eb900000, 0x00000000eba00000|  0%| F|  |TAMS 0x00000000eb900000, 0x00000000eb900000| Untracked 
| 186|0x00000000eba00000, 0x00000000eba00000, 0x00000000ebb00000|  0%| F|  |TAMS 0x00000000eba00000, 0x00000000eba00000| Untracked 
| 187|0x00000000ebb00000, 0x00000000ebb00000, 0x00000000ebc00000|  0%| F|  |TAMS 0x00000000ebb00000, 0x00000000ebb00000| Untracked 
| 188|0x00000000ebc00000, 0x00000000ebc00000, 0x00000000ebd00000|  0%| F|  |TAMS 0x00000000ebc00000, 0x00000000ebc00000| Untracked 
| 189|0x00000000ebd00000, 0x00000000ebd00000, 0x00000000ebe00000|  0%| F|  |TAMS 0x00000000ebd00000, 0x00000000ebd00000| Untracked 
| 190|0x00000000ebe00000, 0x00000000ebe00000, 0x00000000ebf00000|  0%| F|  |TAMS 0x00000000ebe00000, 0x00000000ebe00000| Untracked 
| 191|0x00000000ebf00000, 0x00000000ebf00000, 0x00000000ec000000|  0%| F|  |TAMS 0x00000000ebf00000, 0x00000000ebf00000| Untracked 
| 192|0x00000000ec000000, 0x00000000ec000000, 0x00000000ec100000|  0%| F|  |TAMS 0x00000000ec000000, 0x00000000ec000000| Untracked 
| 193|0x00000000ec100000, 0x00000000ec100000, 0x00000000ec200000|  0%| F|  |TAMS 0x00000000ec100000, 0x00000000ec100000| Untracked 
| 194|0x00000000ec200000, 0x00000000ec200000, 0x00000000ec300000|  0%| F|  |TAMS 0x00000000ec200000, 0x00000000ec200000| Untracked 
| 195|0x00000000ec300000, 0x00000000ec300000, 0x00000000ec400000|  0%| F|  |TAMS 0x00000000ec300000, 0x00000000ec300000| Untracked 
| 196|0x00000000ec400000, 0x00000000ec400000, 0x00000000ec500000|  0%| F|  |TAMS 0x00000000ec400000, 0x00000000ec400000| Untracked 
| 197|0x00000000ec500000, 0x00000000ec500000, 0x00000000ec600000|  0%| F|  |TAMS 0x00000000ec500000, 0x00000000ec500000| Untracked 
| 198|0x00000000ec600000, 0x00000000ec600000, 0x00000000ec700000|  0%| F|  |TAMS 0x00000000ec600000, 0x00000000ec600000| Untracked 
| 199|0x00000000ec700000, 0x00000000ec700000, 0x00000000ec800000|  0%| F|  |TAMS 0x00000000ec700000, 0x00000000ec700000| Untracked 
| 200|0x00000000ec800000, 0x00000000ec800000, 0x00000000ec900000|  0%| F|  |TAMS 0x00000000ec800000, 0x00000000ec800000| Untracked 
| 201|0x00000000ec900000, 0x00000000ec900000, 0x00000000eca00000|  0%| F|  |TAMS 0x00000000ec900000, 0x00000000ec900000| Untracked 
| 202|0x00000000eca00000, 0x00000000eca00000, 0x00000000ecb00000|  0%| F|  |TAMS 0x00000000eca00000, 0x00000000eca00000| Untracked 
| 203|0x00000000ecb00000, 0x00000000ecb00000, 0x00000000ecc00000|  0%| F|  |TAMS 0x00000000ecb00000, 0x00000000ecb00000| Untracked 
| 204|0x00000000ecc00000, 0x00000000ecc00000, 0x00000000ecd00000|  0%| F|  |TAMS 0x00000000ecc00000, 0x00000000ecc00000| Untracked 
| 205|0x00000000ecd00000, 0x00000000ecd00000, 0x00000000ece00000|  0%| F|  |TAMS 0x00000000ecd00000, 0x00000000ecd00000| Untracked 
| 206|0x00000000ece00000, 0x00000000ece00000, 0x00000000ecf00000|  0%| F|  |TAMS 0x00000000ece00000, 0x00000000ece00000| Untracked 
| 207|0x00000000ecf00000, 0x00000000ecf00000, 0x00000000ed000000|  0%| F|  |TAMS 0x00000000ecf00000, 0x00000000ecf00000| Untracked 
| 208|0x00000000ed000000, 0x00000000ed000000, 0x00000000ed100000|  0%| F|  |TAMS 0x00000000ed000000, 0x00000000ed000000| Untracked 
| 209|0x00000000ed100000, 0x00000000ed100000, 0x00000000ed200000|  0%| F|  |TAMS 0x00000000ed100000, 0x00000000ed100000| Untracked 
| 210|0x00000000ed200000, 0x00000000ed200000, 0x00000000ed300000|  0%| F|  |TAMS 0x00000000ed200000, 0x00000000ed200000| Untracked 
| 211|0x00000000ed300000, 0x00000000ed300000, 0x00000000ed400000|  0%| F|  |TAMS 0x00000000ed300000, 0x00000000ed300000| Untracked 
| 212|0x00000000ed400000, 0x00000000ed400000, 0x00000000ed500000|  0%| F|  |TAMS 0x00000000ed400000, 0x00000000ed400000| Untracked 
| 213|0x00000000ed500000, 0x00000000ed500000, 0x00000000ed600000|  0%| F|  |TAMS 0x00000000ed500000, 0x00000000ed500000| Untracked 
| 214|0x00000000ed600000, 0x00000000ed600000, 0x00000000ed700000|  0%| F|  |TAMS 0x00000000ed600000, 0x00000000ed600000| Untracked 
| 215|0x00000000ed700000, 0x00000000ed700000, 0x00000000ed800000|  0%| F|  |TAMS 0x00000000ed700000, 0x00000000ed700000| Untracked 
| 216|0x00000000ed800000, 0x00000000ed800000, 0x00000000ed900000|  0%| F|  |TAMS 0x00000000ed800000, 0x00000000ed800000| Untracked 
| 217|0x00000000ed900000, 0x00000000ed900000, 0x00000000eda00000|  0%| F|  |TAMS 0x00000000ed900000, 0x00000000ed900000| Untracked 
| 218|0x00000000eda00000, 0x00000000eda00000, 0x00000000edb00000|  0%| F|  |TAMS 0x00000000eda00000, 0x00000000eda00000| Untracked 
| 219|0x00000000edb00000, 0x00000000edb00000, 0x00000000edc00000|  0%| F|  |TAMS 0x00000000edb00000, 0x00000000edb00000| Untracked 
| 220|0x00000000edc00000, 0x00000000edc00000, 0x00000000edd00000|  0%| F|  |TAMS 0x00000000edc00000, 0x00000000edc00000| Untracked 
| 221|0x00000000edd00000, 0x00000000edd00000, 0x00000000ede00000|  0%| F|  |TAMS 0x00000000edd00000, 0x00000000edd00000| Untracked 
| 222|0x00000000ede00000, 0x00000000ede00000, 0x00000000edf00000|  0%| F|  |TAMS 0x00000000ede00000, 0x00000000ede00000| Untracked 
| 223|0x00000000edf00000, 0x00000000edf00000, 0x00000000ee000000|  0%| F|  |TAMS 0x00000000edf00000, 0x00000000edf00000| Untracked 
| 224|0x00000000ee000000, 0x00000000ee000000, 0x00000000ee100000|  0%| F|  |TAMS 0x00000000ee000000, 0x00000000ee000000| Untracked 
| 225|0x00000000ee100000, 0x00000000ee100000, 0x00000000ee200000|  0%| F|  |TAMS 0x00000000ee100000, 0x00000000ee100000| Untracked 
| 226|0x00000000ee200000, 0x00000000ee200000, 0x00000000ee300000|  0%| F|  |TAMS 0x00000000ee200000, 0x00000000ee200000| Untracked 
| 227|0x00000000ee300000, 0x00000000ee300000, 0x00000000ee400000|  0%| F|  |TAMS 0x00000000ee300000, 0x00000000ee300000| Untracked 
| 228|0x00000000ee400000, 0x00000000ee400000, 0x00000000ee500000|  0%| F|  |TAMS 0x00000000ee400000, 0x00000000ee400000| Untracked 
| 229|0x00000000ee500000, 0x00000000ee500000, 0x00000000ee600000|  0%| F|  |TAMS 0x00000000ee500000, 0x00000000ee500000| Untracked 
| 230|0x00000000ee600000, 0x00000000ee600000, 0x00000000ee700000|  0%| F|  |TAMS 0x00000000ee600000, 0x00000000ee600000| Untracked 
| 231|0x00000000ee700000, 0x00000000ee700000, 0x00000000ee800000|  0%| F|  |TAMS 0x00000000ee700000, 0x00000000ee700000| Untracked 
| 232|0x00000000ee800000, 0x00000000ee800000, 0x00000000ee900000|  0%| F|  |TAMS 0x00000000ee800000, 0x00000000ee800000| Untracked 
| 233|0x00000000ee900000, 0x00000000ee900000, 0x00000000eea00000|  0%| F|  |TAMS 0x00000000ee900000, 0x00000000ee900000| Untracked 
| 234|0x00000000eea00000, 0x00000000eea00000, 0x00000000eeb00000|  0%| F|  |TAMS 0x00000000eea00000, 0x00000000eea00000| Untracked 
| 235|0x00000000eeb00000, 0x00000000eeb00000, 0x00000000eec00000|  0%| F|  |TAMS 0x00000000eeb00000, 0x00000000eeb00000| Untracked 
| 236|0x00000000eec00000, 0x00000000eec00000, 0x00000000eed00000|  0%| F|  |TAMS 0x00000000eec00000, 0x00000000eec00000| Untracked 
| 237|0x00000000eed00000, 0x00000000eed00000, 0x00000000eee00000|  0%| F|  |TAMS 0x00000000eed00000, 0x00000000eed00000| Untracked 
| 238|0x00000000eee00000, 0x00000000eee00000, 0x00000000eef00000|  0%| F|  |TAMS 0x00000000eee00000, 0x00000000eee00000| Untracked 
| 239|0x00000000eef00000, 0x00000000eef00000, 0x00000000ef000000|  0%| F|  |TAMS 0x00000000eef00000, 0x00000000eef00000| Untracked 
| 240|0x00000000ef000000, 0x00000000ef000000, 0x00000000ef100000|  0%| F|  |TAMS 0x00000000ef000000, 0x00000000ef000000| Untracked 
| 241|0x00000000ef100000, 0x00000000ef100000, 0x00000000ef200000|  0%| F|  |TAMS 0x00000000ef100000, 0x00000000ef100000| Untracked 
| 242|0x00000000ef200000, 0x00000000ef200000, 0x00000000ef300000|  0%| F|  |TAMS 0x00000000ef200000, 0x00000000ef200000| Untracked 
| 243|0x00000000ef300000, 0x00000000ef300000, 0x00000000ef400000|  0%| F|  |TAMS 0x00000000ef300000, 0x00000000ef300000| Untracked 
| 244|0x00000000ef400000, 0x00000000ef400000, 0x00000000ef500000|  0%| F|  |TAMS 0x00000000ef400000, 0x00000000ef400000| Untracked 
| 245|0x00000000ef500000, 0x00000000ef500800, 0x00000000ef600000|  0%| E|  |TAMS 0x00000000ef500000, 0x00000000ef500000| Complete 
| 246|0x00000000ef600000, 0x00000000ef700000, 0x00000000ef700000|100%| E|CS|TAMS 0x00000000ef600000, 0x00000000ef600000| Complete 
| 247|0x00000000ef700000, 0x00000000ef800000, 0x00000000ef800000|100%| E|CS|TAMS 0x00000000ef700000, 0x00000000ef700000| Complete 
| 248|0x00000000ef800000, 0x00000000ef900000, 0x00000000ef900000|100%| E|CS|TAMS 0x00000000ef800000, 0x00000000ef800000| Complete 
| 249|0x00000000ef900000, 0x00000000efa00000, 0x00000000efa00000|100%| E|CS|TAMS 0x00000000ef900000, 0x00000000ef900000| Complete 
| 250|0x00000000efa00000, 0x00000000efb00000, 0x00000000efb00000|100%| E|CS|TAMS 0x00000000efa00000, 0x00000000efa00000| Complete 
| 251|0x00000000efb00000, 0x00000000efc00000, 0x00000000efc00000|100%| E|CS|TAMS 0x00000000efb00000, 0x00000000efb00000| Complete 
| 252|0x00000000efc00000, 0x00000000efd00000, 0x00000000efd00000|100%| E|CS|TAMS 0x00000000efc00000, 0x00000000efc00000| Complete 
| 253|0x00000000efd00000, 0x00000000efe00000, 0x00000000efe00000|100%| E|CS|TAMS 0x00000000efd00000, 0x00000000efd00000| Complete 
| 254|0x00000000efe00000, 0x00000000eff00000, 0x00000000eff00000|100%| E|CS|TAMS 0x00000000efe00000, 0x00000000efe00000| Complete 
| 255|0x00000000eff00000, 0x00000000f0000000, 0x00000000f0000000|100%| E|CS|TAMS 0x00000000eff00000, 0x00000000eff00000| Complete 

Card table byte_map: [0x0000022859de0000,0x0000022859ee0000] _byte_map_base: 0x00000228596e0000

Marking Bits (Prev, Next): (CMBitMap*) 0x00000228415d6020, (CMBitMap*) 0x00000228415d5fe0
 Prev Bits: [0x000002285a7e0000, 0x000002285afe0000)
 Next Bits: [0x0000022859fe0000, 0x000002285a7e0000)

Polling page: 0x0000022841360000

Metaspace:

Usage:
  Non-class:     67.61 MB used.
      Class:     10.51 MB used.
       Both:     78.11 MB used.

Virtual space:
  Non-class space:      128.00 MB reserved,      68.62 MB ( 54%) committed,  2 nodes.
      Class space:      208.00 MB reserved,      11.56 MB (  6%) committed,  1 nodes.
             Both:      336.00 MB reserved,      80.19 MB ( 24%) committed. 

Chunk freelists:
   Non-Class:  3.03 MB
       Class:  368.00 KB
        Both:  3.39 MB

MaxMetaspaceSize: 256.00 MB
CompressedClassSpaceSize: 208.00 MB
Initial GC threshold: 21.00 MB
Current GC threshold: 99.62 MB
CDS: on
MetaspaceReclaimPolicy: balanced
 - commit_granule_bytes: 65536.
 - commit_granule_words: 8192.
 - virtual_space_node_default_size: 8388608.
 - enlarge_chunks_in_place: 1.
 - new_chunks_are_fully_committed: 0.
 - uncommit_free_chunks: 1.
 - use_allocation_guard: 0.


Internal statistics:

num_allocs_failed_limit: 15.
num_arena_births: 3796.
num_arena_deaths: 2.
num_vsnodes_births: 3.
num_vsnodes_deaths: 0.
num_space_committed: 1283.
num_space_uncommitted: 0.
num_chunks_returned_to_freelist: 18.
num_chunks_taken_from_freelist: 7606.
num_chunk_merges: 15.
num_chunk_splits: 4757.
num_chunks_enlarged: 2696.
num_inconsistent_stats: 0.

CodeHeap 'non-profiled nmethods': size=120000Kb used=7044Kb max_used=7322Kb free=112955Kb
 bounds [0x0000022852190000, 0x00000228528c0000, 0x00000228596c0000]
CodeHeap 'profiled nmethods': size=120000Kb used=24121Kb max_used=26651Kb free=95879Kb
 bounds [0x000002284ac60000, 0x000002284c670000, 0x0000022852190000]
CodeHeap 'non-nmethods': size=5760Kb used=2427Kb max_used=2471Kb free=3332Kb
 bounds [0x000002284a6c0000, 0x000002284a930000, 0x000002284ac60000]
 total_blobs=13005 nmethods=12058 adapters=858
 compilation: enabled
              stopped_count=0, restarted_count=0
 full_count=0

Compilation events (20 events):
Event: 334.813 Thread 0x000002285d558d20 14464       1       org.gradle.util.internal.DisconnectableInputStream::access$400 (5 bytes)
Event: 334.814 Thread 0x000002285d558d20 nmethod 14464 0x0000022852690390 code [0x0000022852690520, 0x00000228526905d8]
Event: 335.225 Thread 0x000002285d558d20 14465       1       com.sun.jmx.mbeanserver.NamedObject::getObject (5 bytes)
Event: 335.225 Thread 0x000002285d558d20 nmethod 14465 0x00000228527b3110 code [0x00000228527b32a0, 0x00000228527b3378]
Event: 335.225 Thread 0x000002285d558d20 14466       1       com.sun.jmx.mbeanserver.MXBeanSupport::getCookie (5 bytes)
Event: 335.225 Thread 0x000002285d558d20 nmethod 14466 0x000002285284da10 code [0x000002285284dba0, 0x000002285284dc78]
Event: 335.225 Thread 0x000002285d558d20 14467       3       com.sun.jmx.mbeanserver.MXBeanLookup::setLookup (8 bytes)
Event: 335.226 Thread 0x000002285d558d20 nmethod 14467 0x000002284add2a90 code [0x000002284add2c20, 0x000002284add2dc8]
Event: 336.717 Thread 0x000002285d558d20 14468       3       com.esotericsoftware.kryo.io.Output::writeString (125 bytes)
Event: 336.718 Thread 0x000002285d558d20 nmethod 14468 0x000002284af6fa10 code [0x000002284af6fc20, 0x000002284af70258]
Event: 336.723 Thread 0x000002285d558d20 14469       3       org.gradle.internal.serialize.kryo.KryoBackedEncoder::writeString (23 bytes)
Event: 336.723 Thread 0x000002285d558d20 nmethod 14469 0x000002284b01c390 code [0x000002284b01c540, 0x000002284b01c798]
Event: 340.237 Thread 0x000002285d558d20 14470       1       org.gradle.process.internal.health.memory.OsMemoryStatusSnapshot::getTotalPhysicalMemory (5 bytes)
Event: 340.238 Thread 0x000002285d558d20 nmethod 14470 0x000002285238ce90 code [0x000002285238d020, 0x000002285238d0f8]
Event: 341.353 Thread 0x000002285d558d20 14471       3       org.gradle.internal.logging.text.AbstractLineChoppingStyledTextOutput$1::execute (9 bytes)
Event: 341.354 Thread 0x000002285d558d20 nmethod 14471 0x000002284aedad10 code [0x000002284aedaec0, 0x000002284aedb0e8]
Event: 341.354 Thread 0x000002285d555c80 14472       4       org.gradle.internal.logging.text.AbstractLineChoppingStyledTextOutput$SeenFromEol::none (13 bytes)
Event: 341.355 Thread 0x000002285d558d20 14473       3       org.gradle.internal.io.LineBufferingOutputStream::write (59 bytes)
Event: 341.355 Thread 0x000002285d555c80 nmethod 14472 0x000002285238cb90 code [0x000002285238cd00, 0x000002285238cd98]
Event: 341.355 Thread 0x000002285d555c80 14474       4       org.gradle.internal.logging.text.AbstractLineChoppingStyledTextOutput::access$800 (4 bytes)

GC Heap History (20 events):
Event: 17.161 GC heap before
{Heap before GC invocations=6 (full 0):
 garbage-first heap   total 262144K, used 41254K [0x00000000e0000000, 0x0000000100000000)
  region size 1024K, 19 young (19456K), 18 survivors (18432K)
 Metaspace       used 34788K, committed 36032K, reserved 278528K
  class space    used 4842K, committed 5504K, reserved 212992K
}
Event: 17.183 GC heap after
{Heap after GC invocations=7 (full 0):
 garbage-first heap   total 262144K, used 41202K [0x00000000e0000000, 0x0000000100000000)
  region size 1024K, 2 young (2048K), 2 survivors (2048K)
 Metaspace       used 34788K, committed 36032K, reserved 278528K
  class space    used 4842K, committed 5504K, reserved 212992K
}
Event: 17.301 GC heap before
{Heap before GC invocations=7 (full 0):
 garbage-first heap   total 262144K, used 43250K [0x00000000e0000000, 0x0000000100000000)
  region size 1024K, 5 young (5120K), 2 survivors (2048K)
 Metaspace       used 35042K, committed 36288K, reserved 278528K
  class space    used 4883K, committed 5504K, reserved 212992K
}
Event: 17.303 GC heap after
{Heap after GC invocations=8 (full 0):
 garbage-first heap   total 262144K, used 39662K [0x00000000e0000000, 0x0000000100000000)
  region size 1024K, 1 young (1024K), 1 survivors (1024K)
 Metaspace       used 35042K, committed 36288K, reserved 278528K
  class space    used 4883K, committed 5504K, reserved 212992K
}
Event: 25.932 GC heap before
{Heap before GC invocations=9 (full 0):
 garbage-first heap   total 262144K, used 204526K [0x00000000e0000000, 0x0000000100000000)
  region size 1024K, 153 young (156672K), 1 survivors (1024K)
 Metaspace       used 52426K, committed 54080K, reserved 278528K
  class space    used 7396K, committed 8256K, reserved 212992K
}
Event: 25.958 GC heap after
{Heap after GC invocations=10 (full 0):
 garbage-first heap   total 262144K, used 61403K [0x00000000e0000000, 0x0000000100000000)
  region size 1024K, 13 young (13312K), 13 survivors (13312K)
 Metaspace       used 52426K, committed 54080K, reserved 278528K
  class space    used 7396K, committed 8256K, reserved 212992K
}
Event: 26.034 GC heap before
{Heap before GC invocations=10 (full 0):
 garbage-first heap   total 262144K, used 62427K [0x00000000e0000000, 0x0000000100000000)
  region size 1024K, 14 young (14336K), 13 survivors (13312K)
 Metaspace       used 52426K, committed 54080K, reserved 278528K
  class space    used 7396K, committed 8256K, reserved 212992K
}
Event: 26.058 GC heap after
{Heap after GC invocations=11 (full 0):
 garbage-first heap   total 262144K, used 62852K [0x00000000e0000000, 0x0000000100000000)
  region size 1024K, 2 young (2048K), 2 survivors (2048K)
 Metaspace       used 52426K, committed 54080K, reserved 278528K
  class space    used 7396K, committed 8256K, reserved 212992K
}
Event: 29.784 GC heap before
{Heap before GC invocations=11 (full 0):
 garbage-first heap   total 262144K, used 162180K [0x00000000e0000000, 0x0000000100000000)
  region size 1024K, 92 young (94208K), 2 survivors (2048K)
 Metaspace       used 59010K, committed 60736K, reserved 278528K
  class space    used 8375K, committed 9280K, reserved 212992K
}
Event: 29.798 GC heap after
{Heap after GC invocations=12 (full 0):
 garbage-first heap   total 262144K, used 80872K [0x00000000e0000000, 0x0000000100000000)
  region size 1024K, 11 young (11264K), 11 survivors (11264K)
 Metaspace       used 59010K, committed 60736K, reserved 278528K
  class space    used 8375K, committed 9280K, reserved 212992K
}
Event: 38.303 GC heap before
{Heap before GC invocations=13 (full 0):
 garbage-first heap   total 262144K, used 197608K [0x00000000e0000000, 0x0000000100000000)
  region size 1024K, 126 young (129024K), 11 survivors (11264K)
 Metaspace       used 70079K, committed 71936K, reserved 278528K
  class space    used 9567K, committed 10496K, reserved 212992K
}
Event: 38.342 GC heap after
{Heap after GC invocations=14 (full 0):
 garbage-first heap   total 262144K, used 91650K [0x00000000e0000000, 0x0000000100000000)
  region size 1024K, 11 young (11264K), 11 survivors (11264K)
 Metaspace       used 70079K, committed 71936K, reserved 278528K
  class space    used 9567K, committed 10496K, reserved 212992K
}
Event: 58.223 GC heap before
{Heap before GC invocations=14 (full 0):
 garbage-first heap   total 262144K, used 202242K [0x00000000e0000000, 0x0000000100000000)
  region size 1024K, 119 young (121856K), 11 survivors (11264K)
 Metaspace       used 73023K, committed 74944K, reserved 278528K
  class space    used 9839K, committed 10816K, reserved 212992K
}
Event: 58.249 GC heap after
{Heap after GC invocations=15 (full 0):
 garbage-first heap   total 262144K, used 97061K [0x00000000e0000000, 0x0000000100000000)
  region size 1024K, 8 young (8192K), 8 survivors (8192K)
 Metaspace       used 73023K, committed 74944K, reserved 278528K
  class space    used 9839K, committed 10816K, reserved 212992K
}
Event: 230.239 GC heap before
{Heap before GC invocations=15 (full 0):
 garbage-first heap   total 262144K, used 203557K [0x00000000e0000000, 0x0000000100000000)
  region size 1024K, 113 young (115712K), 8 survivors (8192K)
 Metaspace       used 76564K, committed 78592K, reserved 344064K
  class space    used 10229K, committed 11264K, reserved 212992K
}
Event: 230.259 GC heap after
{Heap after GC invocations=16 (full 0):
 garbage-first heap   total 262144K, used 103091K [0x00000000e0000000, 0x0000000100000000)
  region size 1024K, 14 young (14336K), 14 survivors (14336K)
 Metaspace       used 76564K, committed 78592K, reserved 344064K
  class space    used 10229K, committed 11264K, reserved 212992K
}
Event: 329.358 GC heap before
{Heap before GC invocations=16 (full 0):
 garbage-first heap   total 262144K, used 207539K [0x00000000e0000000, 0x0000000100000000)
  region size 1024K, 116 young (118784K), 14 survivors (14336K)
 Metaspace       used 77525K, committed 79616K, reserved 344064K
  class space    used 10342K, committed 11392K, reserved 212992K
}
Event: 329.380 GC heap after
{Heap after GC invocations=17 (full 0):
 garbage-first heap   total 262144K, used 101233K [0x00000000e0000000, 0x0000000100000000)
  region size 1024K, 5 young (5120K), 5 survivors (5120K)
 Metaspace       used 77525K, committed 79616K, reserved 344064K
  class space    used 10342K, committed 11392K, reserved 212992K
}
Event: 333.559 GC heap before
{Heap before GC invocations=17 (full 0):
 garbage-first heap   total 262144K, used 210801K [0x00000000e0000000, 0x0000000100000000)
  region size 1024K, 113 young (115712K), 5 survivors (5120K)
 Metaspace       used 79368K, committed 81472K, reserved 344064K
  class space    used 10665K, committed 11712K, reserved 212992K
}
Event: 333.573 GC heap after
{Heap after GC invocations=18 (full 0):
 garbage-first heap   total 262144K, used 103281K [0x00000000e0000000, 0x0000000100000000)
  region size 1024K, 7 young (7168K), 7 survivors (7168K)
 Metaspace       used 79368K, committed 81472K, reserved 344064K
  class space    used 10665K, committed 11712K, reserved 212992K
}

Deoptimization events (20 events):
Event: 336.717 Thread 0x0000022864d2f060 Uncommon trap: trap_request=0xffffff45 fr.pc=0x0000022852490d88 relative=0x0000000000000248
Event: 336.717 Thread 0x0000022864d2f060 Uncommon trap: reason=unstable_if action=reinterpret pc=0x0000022852490d88 method=com.esotericsoftware.kryo.io.Output.writeString(Ljava/lang/CharSequence;)V @ 50 c2
Event: 336.717 Thread 0x0000022864d2f060 DEOPT PACKING pc=0x0000022852490d88 sp=0x000000b221dfe860
Event: 336.717 Thread 0x0000022864d2f060 DEOPT UNPACKING pc=0x000002284a7123a3 sp=0x000000b221dfe7f0 mode 2
Event: 341.351 Thread 0x0000022863983ed0 Uncommon trap: trap_request=0xffffff45 fr.pc=0x000002285271e5cc relative=0x0000000000000e4c
Event: 341.351 Thread 0x0000022863983ed0 Uncommon trap: reason=unstable_if action=reinterpret pc=0x000002285271e5cc method=org.gradle.internal.logging.text.AbstractLineChoppingStyledTextOutput$2.execute(Lorg/gradle/internal/logging/text/AbstractLineChoppingStyledTextOutput$StateContext;)V @ 34 c
Event: 341.351 Thread 0x0000022863983ed0 DEOPT PACKING pc=0x000002285271e5cc sp=0x000000b221bfe390
Event: 341.351 Thread 0x0000022863983ed0 DEOPT UNPACKING pc=0x000002284a7123a3 sp=0x000000b221bfe1c8 mode 2
Event: 341.352 Thread 0x0000022863983ed0 Uncommon trap: trap_request=0xffffff45 fr.pc=0x000002285271fbdc relative=0x000000000000045c
Event: 341.352 Thread 0x0000022863983ed0 Uncommon trap: reason=unstable_if action=reinterpret pc=0x000002285271fbdc method=org.gradle.internal.logging.text.AbstractLineChoppingStyledTextOutput$2.execute(Lorg/gradle/internal/logging/text/AbstractLineChoppingStyledTextOutput$StateContext;)V @ 34 c
Event: 341.352 Thread 0x0000022863983ed0 DEOPT PACKING pc=0x000002285271fbdc sp=0x000000b221bfe320
Event: 341.352 Thread 0x0000022863983ed0 DEOPT UNPACKING pc=0x000002284a7123a3 sp=0x000000b221bfe1b8 mode 2
Event: 341.353 Thread 0x0000022863983ed0 Uncommon trap: trap_request=0xffffff45 fr.pc=0x000002285272094c relative=0x000000000000044c
Event: 341.353 Thread 0x0000022863983ed0 Uncommon trap: reason=unstable_if action=reinterpret pc=0x000002285272094c method=org.gradle.internal.logging.text.AbstractLineChoppingStyledTextOutput$2.execute(Lorg/gradle/internal/logging/text/AbstractLineChoppingStyledTextOutput$StateContext;)V @ 34 c
Event: 341.353 Thread 0x0000022863983ed0 DEOPT PACKING pc=0x000002285272094c sp=0x000000b221bfe2b0
Event: 341.353 Thread 0x0000022863983ed0 DEOPT UNPACKING pc=0x000002284a7123a3 sp=0x000000b221bfe1b0 mode 2
Event: 341.354 Thread 0x0000022863983ed0 Uncommon trap: trap_request=0xffffff45 fr.pc=0x000002285271b4e4 relative=0x0000000000000304
Event: 341.354 Thread 0x0000022863983ed0 Uncommon trap: reason=unstable_if action=reinterpret pc=0x000002285271b4e4 method=org.gradle.internal.logging.text.AbstractLineChoppingStyledTextOutput$2.execute(Lorg/gradle/internal/logging/text/AbstractLineChoppingStyledTextOutput$StateContext;)V @ 34 c
Event: 341.354 Thread 0x0000022863983ed0 DEOPT PACKING pc=0x000002285271b4e4 sp=0x000000b221bfe1f0
Event: 341.355 Thread 0x0000022863983ed0 DEOPT UNPACKING pc=0x000002284a7123a3 sp=0x000000b221bfe1c0 mode 2

Classes loaded (20 events):
Event: 333.220 Loading class java/util/stream/SortedOps$SizedRefSortingSink
Event: 333.221 Loading class java/util/stream/SortedOps$AbstractRefSortingSink
Event: 333.221 Loading class java/util/stream/SortedOps$AbstractRefSortingSink done
Event: 333.221 Loading class java/util/stream/SortedOps$SizedRefSortingSink done
Event: 333.434 Loading class java/util/PriorityQueue
Event: 333.435 Loading class java/util/PriorityQueue done
Event: 333.478 Loading class java/nio/file/FileTreeWalker$1
Event: 333.479 Loading class java/nio/file/FileTreeWalker$1 done
Event: 333.852 Loading class java/lang/ProcessImpl
Event: 333.853 Loading class java/lang/ProcessImpl done
Event: 333.867 Loading class java/lang/ProcessHandleImpl
Event: 333.868 Loading class java/lang/ProcessHandleImpl done
Event: 333.873 Loading class java/lang/ProcessImpl$2
Event: 333.874 Loading class java/lang/ProcessImpl$2 done
Event: 333.874 Loading class java/lang/Process$PipeInputStream
Event: 333.874 Loading class java/lang/Process$PipeInputStream done
Event: 333.883 Loading class jdk/internal/event/ProcessStartEvent
Event: 333.883 Loading class jdk/internal/event/ProcessStartEvent done
Event: 336.678 Loading class java/nio/channels/AsynchronousCloseException
Event: 336.678 Loading class java/nio/channels/AsynchronousCloseException done

Classes unloaded (2 events):
Event: 29.944 Thread 0x00000228416647b0 Unloading class 0x0000000801328528 '_BuildScript_$_run_closure1'
Event: 29.944 Thread 0x00000228416647b0 Unloading class 0x0000000801328000 '_BuildScript_'

Classes redefined (0 events):
No events

Internal exceptions (20 events):
Event: 329.766 Thread 0x0000022864abf3b0 Implicit null exception at 0x0000022852464557 to 0x00000228524646e8
Event: 329.838 Thread 0x0000022864abf3b0 Exception <a 'java/lang/IncompatibleClassChangeError'{0x00000000ef918640}: Found class java.lang.Object, but interface was expected> (0x00000000ef918640) 
thrown [s\open\src\hotspot\share\interpreter\linkResolver.cpp, line 833]
Event: 333.150 Thread 0x0000022864abf3b0 Exception <a 'java/lang/NoSuchMethodError'{0x00000000e9622328}: 'int java.lang.invoke.DirectMethodHandle$Holder.invokeStaticInit(java.lang.Object, java.lang.Object, java.lang.Object, java.lang.Object, java.lang.Object)'> (0x00000000e9622328) 
thrown [s\open\src\hotspot\share\interpreter\linkResolver.cpp, line 766]
Event: 333.525 Thread 0x0000022864abf3b0 Exception <a 'java/lang/NoSuchMethodError'{0x00000000e8f44eb0}: static Lorg/gradle/api/internal/tasks/compile/daemon/DaemonGroovyCompiler$GroovyCompilerParameters;.<clinit>()V> (0x00000000e8f44eb0) 
thrown [s\open\src\hotspot\share\prims\jni.cpp, line 1104]
Event: 333.526 Thread 0x0000022864abf3b0 Exception <a 'java/lang/NoSuchMethodError'{0x00000000e8f47b28}: static Lorg/gradle/api/internal/tasks/compile/daemon/AbstractDaemonCompiler$CompilerParameters;.<clinit>()V> (0x00000000e8f47b28) 
thrown [s\open\src\hotspot\share\prims\jni.cpp, line 1104]
Event: 333.526 Thread 0x0000022864abf3b0 Exception <a 'java/lang/NoSuchMethodError'{0x00000000e8f4a2c8}: static [Ljava/lang/Object;.<clinit>()V> (0x00000000e8f4a2c8) 
thrown [s\open\src\hotspot\share\prims\jni.cpp, line 1104]
Event: 333.529 Thread 0x0000022864abf3b0 Exception <a 'java/lang/NoSuchMethodError'{0x00000000e8f5ea10}: static Ljava/util/AbstractList;.<clinit>()V> (0x00000000e8f5ea10) 
thrown [s\open\src\hotspot\share\prims\jni.cpp, line 1104]
Event: 333.542 Thread 0x0000022864abf3b0 Exception <a 'java/lang/NoSuchMethodError'{0x00000000e8f95eb8}: static Lorg/gradle/api/internal/tasks/compile/DefaultGroovyJavaJointCompileSpec;.<clinit>()V> (0x00000000e8f95eb8) 
thrown [s\open\src\hotspot\share\prims\jni.cpp, line 1104]
Event: 333.542 Thread 0x0000022864abf3b0 Exception <a 'java/lang/NoSuchMethodError'{0x00000000e8f9a5e0}: static Lorg/gradle/api/internal/tasks/compile/DefaultJavaCompileSpec;.<clinit>()V> (0x00000000e8f9a5e0) 
thrown [s\open\src\hotspot\share\prims\jni.cpp, line 1104]
Event: 333.543 Thread 0x0000022864abf3b0 Exception <a 'java/lang/NoSuchMethodError'{0x00000000e8f9f678}: static Lorg/gradle/api/internal/tasks/compile/DefaultJvmLanguageCompileSpec;.<clinit>()V> (0x00000000e8f9f678) 
thrown [s\open\src\hotspot\share\prims\jni.cpp, line 1104]
Event: 333.558 Thread 0x0000022864abf3b0 Exception <a 'java/lang/NoSuchMethodError'{0x00000000e8ffe6a0}: static Lorg/gradle/api/internal/tasks/compile/MinimalJavaCompileOptions;.<clinit>()V> (0x00000000e8ffe6a0) 
thrown [s\open\src\hotspot\share\prims\jni.cpp, line 1104]
Event: 333.600 Thread 0x0000022864abf3b0 Exception <a 'java/lang/NoSuchMethodError'{0x00000000eff68ac0}: static Lorg/gradle/api/internal/tasks/compile/MinimalJavaCompilerDaemonForkOptions;.<clinit>()V> (0x00000000eff68ac0) 
thrown [s\open\src\hotspot\share\prims\jni.cpp, line 1104]
Event: 333.600 Thread 0x0000022864abf3b0 Exception <a 'java/lang/NoSuchMethodError'{0x00000000eff6afd8}: static Lorg/gradle/api/internal/tasks/compile/MinimalCompilerDaemonForkOptions;.<clinit>()V> (0x00000000eff6afd8) 
thrown [s\open\src\hotspot\share\prims\jni.cpp, line 1104]
Event: 333.606 Thread 0x0000022864abf3b0 Exception <a 'java/lang/NoSuchMethodError'{0x00000000eff7f498}: static Lorg/gradle/api/internal/tasks/compile/MinimalGroovyCompileOptions;.<clinit>()V> (0x00000000eff7f498) 
thrown [s\open\src\hotspot\share\prims\jni.cpp, line 1104]
Event: 333.618 Thread 0x0000022864abf3b0 Exception <a 'java/lang/NoSuchMethodError'{0x00000000efe49878}: static Lorg/gradle/api/internal/tasks/compile/MinimalGroovyCompilerDaemonForkOptions;.<clinit>()V> (0x00000000efe49878) 
thrown [s\open\src\hotspot\share\prims\jni.cpp, line 1104]
Event: 333.806 Thread 0x0000022864abf3b0 Exception <a 'java/lang/NoSuchMethodError'{0x00000000ef9fd050}: static Lorg/gradle/process/internal/worker/request/WorkerAction;.<clinit>()V> (0x00000000ef9fd050) 
thrown [s\open\src\hotspot\share\prims\jni.cpp, line 1104]
Event: 333.866 Thread 0x000002286184cfa0 Exception <a 'java/lang/NoSuchMethodError'{0x00000000ef887070}: 'void java.lang.invoke.DirectMethodHandle$Holder.invokeStatic(java.lang.Object, long)'> (0x00000000ef887070) 
thrown [s\open\src\hotspot\share\interpreter\linkResolver.cpp, line 766]
Event: 333.867 Thread 0x000002286184cfa0 Exception <a 'java/lang/NoSuchMethodError'{0x00000000ef88c4b8}: 'java.lang.Object java.lang.invoke.DirectMethodHandle$Holder.newInvokeSpecial(java.lang.Object, long)'> (0x00000000ef88c4b8) 
thrown [s\open\src\hotspot\share\interpreter\linkResolver.cpp, line 766]
Event: 333.871 Thread 0x000002286184cfa0 Exception <a 'java/lang/NoSuchMethodError'{0x00000000ef8930c0}: 'java.lang.Object java.lang.invoke.DirectMethodHandle$Holder.invokeStatic(java.lang.Object, java.lang.Object, long, java.lang.Object)'> (0x00000000ef8930c0) 
thrown [s\open\src\hotspot\share\interpreter\linkResolver.cpp, line 766]
Event: 333.872 Thread 0x000002286184cfa0 Exception <a 'java/lang/NoSuchMethodError'{0x00000000ef896a98}: 'java.lang.Object java.lang.invoke.DirectMethodHandle$Holder.invokeStaticInit(java.lang.Object, java.lang.Object, long, java.lang.Object)'> (0x00000000ef896a98) 
thrown [s\open\src\hotspot\share\interpreter\linkResolver.cpp, line 766]

VM Operations (20 events):
Event: 332.838 Executing VM operation: Cleanup
Event: 332.838 Executing VM operation: Cleanup done
Event: 333.103 Executing VM operation: HandshakeAllThreads
Event: 333.112 Executing VM operation: HandshakeAllThreads done
Event: 333.200 Executing VM operation: HandshakeAllThreads
Event: 333.200 Executing VM operation: HandshakeAllThreads done
Event: 333.262 Executing VM operation: HandshakeAllThreads
Event: 333.262 Executing VM operation: HandshakeAllThreads done
Event: 333.558 Executing VM operation: G1CollectForAllocation
Event: 333.579 Executing VM operation: G1CollectForAllocation done
Event: 333.876 Executing VM operation: HandshakeAllThreads
Event: 333.882 Executing VM operation: HandshakeAllThreads done
Event: 334.883 Executing VM operation: Cleanup
Event: 334.884 Executing VM operation: Cleanup done
Event: 336.699 Executing VM operation: HandshakeAllThreads
Event: 336.700 Executing VM operation: HandshakeAllThreads done
Event: 336.700 Executing VM operation: Cleanup
Event: 336.700 Executing VM operation: Cleanup done
Event: 337.701 Executing VM operation: Cleanup
Event: 337.701 Executing VM operation: Cleanup done

Events (20 events):
Event: 333.292 Thread 0x000002285d565590 flushing nmethod 0x000002284c36ba90
Event: 333.293 Thread 0x000002285d565590 flushing nmethod 0x000002284c4a5210
Event: 333.293 Thread 0x000002285d565590 flushing nmethod 0x000002284c4c3890
Event: 333.294 Thread 0x000002285d565590 flushing nmethod 0x000002284c4d8690
Event: 333.294 Thread 0x000002285d565590 flushing nmethod 0x000002284c4f3890
Event: 333.294 Thread 0x000002285d565590 flushing nmethod 0x000002284c4fbf90
Event: 333.761 Thread 0x000002286184c130 Thread added: 0x000002286184c130
Event: 333.795 Thread 0x0000022866713de0 Thread added: 0x0000022866713de0
Event: 333.850 Thread 0x000002286184cfa0 Thread added: 0x000002286184cfa0
Event: 333.885 Thread 0x00000228655d5380 Thread added: 0x00000228655d5380
Event: 333.887 Thread 0x000002286184d470 Thread added: 0x000002286184d470
Event: 333.887 Thread 0x0000022863983a00 Thread added: 0x0000022863983a00
Event: 333.887 Thread 0x0000022863983ed0 Thread added: 0x0000022863983ed0
Event: 334.799 Thread 0x0000022866713de0 Thread exited: 0x0000022866713de0
Event: 334.819 Thread 0x00000228655d5380 Thread exited: 0x00000228655d5380
Event: 336.677 Thread 0x0000022863983060 Thread added: 0x0000022863983060
Event: 336.678 Thread 0x00000228639843a0 Thread added: 0x00000228639843a0
Event: 336.678 Thread 0x00000228655d5380 Thread added: 0x00000228655d5380
Event: 336.704 Thread 0x0000022864d2f060 Thread added: 0x0000022864d2f060
Event: 336.705 Thread 0x0000022864d2fa00 Thread added: 0x0000022864d2fa00


Dynamic libraries:
0x00007ff614ec0000 - 0x00007ff614ed0000 	C:\Program Files\Java\jdk-18.0.1.1\bin\java.exe
0x00007fffbcf70000 - 0x00007fffbd168000 	C:\WINDOWS\SYSTEM32\ntdll.dll
0x00007fffbc3e0000 - 0x00007fffbc49f000 	C:\WINDOWS\System32\KERNEL32.DLL
0x00007fffbaac0000 - 0x00007fffbad92000 	C:\WINDOWS\System32\KERNELBASE.dll
0x00007fffbae80000 - 0x00007fffbaf80000 	C:\WINDOWS\System32\ucrtbase.dll
0x00007fffb7df0000 - 0x00007fffb7e08000 	C:\Program Files\Java\jdk-18.0.1.1\bin\jli.dll
0x00007fffbb1b0000 - 0x00007fffbb25e000 	C:\WINDOWS\System32\ADVAPI32.dll
0x00007fffbc130000 - 0x00007fffbc1ce000 	C:\WINDOWS\System32\msvcrt.dll
0x00007fffbb920000 - 0x00007fffbb9bc000 	C:\WINDOWS\System32\sechost.dll
0x00007fffbb610000 - 0x00007fffbb735000 	C:\WINDOWS\System32\RPCRT4.dll
0x00007fffbbb10000 - 0x00007fffbbcb1000 	C:\WINDOWS\System32\USER32.dll
0x00007fffb61a0000 - 0x00007fffb61ba000 	C:\Program Files\Java\jdk-18.0.1.1\bin\VCRUNTIME140.dll
0x00007fffbaf80000 - 0x00007fffbafa2000 	C:\WINDOWS\System32\win32u.dll
0x00007fffbb5c0000 - 0x00007fffbb5eb000 	C:\WINDOWS\System32\GDI32.dll
0x00007fffba750000 - 0x00007fffba85f000 	C:\WINDOWS\System32\gdi32full.dll
0x00007fffba660000 - 0x00007fffba6fd000 	C:\WINDOWS\System32\msvcp_win.dll
0x00007fffaecd0000 - 0x00007fffaef6a000 	C:\WINDOWS\WinSxS\amd64_microsoft.windows.common-controls_6595b64144ccf1df_6.0.19041.1110_none_60b5254171f9507e\COMCTL32.dll
0x00007fffb1440000 - 0x00007fffb144a000 	C:\WINDOWS\SYSTEM32\VERSION.dll
0x00007fffbc2c0000 - 0x00007fffbc2f2000 	C:\WINDOWS\System32\IMM32.DLL
0x00007fffb6110000 - 0x00007fffb611c000 	C:\Program Files\Java\jdk-18.0.1.1\bin\vcruntime140_1.dll
0x00007fffb5140000 - 0x00007fffb51cd000 	C:\Program Files\Java\jdk-18.0.1.1\bin\msvcp140.dll
0x00007fff8d120000 - 0x00007fff8dd30000 	C:\Program Files\Java\jdk-18.0.1.1\bin\server\jvm.dll
0x00007fffbb5f0000 - 0x00007fffbb5f8000 	C:\WINDOWS\System32\PSAPI.DLL
0x00007fffb7db0000 - 0x00007fffb7db9000 	C:\WINDOWS\SYSTEM32\WSOCK32.dll
0x00007fffbc250000 - 0x00007fffbc2bb000 	C:\WINDOWS\System32\WS2_32.dll
0x00007fffa5d40000 - 0x00007fffa5d67000 	C:\WINDOWS\SYSTEM32\WINMM.dll
0x00007fffb8520000 - 0x00007fffb8532000 	C:\WINDOWS\SYSTEM32\kernel.appcore.dll
0x00007fffb60d0000 - 0x00007fffb60da000 	C:\Program Files\Java\jdk-18.0.1.1\bin\jimage.dll
0x00007fffa7b90000 - 0x00007fffa7d74000 	C:\WINDOWS\SYSTEM32\DBGHELP.DLL
0x00007fffa7b10000 - 0x00007fffa7b45000 	C:\WINDOWS\SYSTEM32\dbgcore.DLL
0x00007fffbaa30000 - 0x00007fffbaab2000 	C:\WINDOWS\System32\bcryptPrimitives.dll
0x00007fffb3d50000 - 0x00007fffb3d75000 	C:\Program Files\Java\jdk-18.0.1.1\bin\java.dll
0x00007fffa6040000 - 0x00007fffa6116000 	C:\Program Files\Java\jdk-18.0.1.1\bin\jsvml.dll
0x00007fffbc510000 - 0x00007fffbcc54000 	C:\WINDOWS\System32\SHELL32.dll
0x00007fffb8720000 - 0x00007fffb8eb2000 	C:\WINDOWS\SYSTEM32\windows.storage.dll
0x00007fffbb260000 - 0x00007fffbb5b5000 	C:\WINDOWS\System32\combase.dll
0x00007fffb9fe0000 - 0x00007fffba010000 	C:\WINDOWS\SYSTEM32\Wldp.dll
0x00007fffbb7f0000 - 0x00007fffbb89d000 	C:\WINDOWS\System32\SHCORE.dll
0x00007fffbbab0000 - 0x00007fffbbb05000 	C:\WINDOWS\System32\shlwapi.dll
0x00007fffba5a0000 - 0x00007fffba5bf000 	C:\WINDOWS\SYSTEM32\profapi.dll
0x00007fffb3cf0000 - 0x00007fffb3d03000 	C:\Program Files\Java\jdk-18.0.1.1\bin\net.dll
0x00007fffafde0000 - 0x00007fffafeec000 	C:\WINDOWS\SYSTEM32\WINHTTP.dll
0x00007fffb9d40000 - 0x00007fffb9daa000 	C:\WINDOWS\system32\mswsock.dll
0x00007fffb3cd0000 - 0x00007fffb3ce6000 	C:\Program Files\Java\jdk-18.0.1.1\bin\nio.dll
0x00007fffb3cb0000 - 0x00007fffb3cc8000 	C:\Program Files\Java\jdk-18.0.1.1\bin\zip.dll
0x00007fffb54a0000 - 0x00007fffb54b0000 	C:\Program Files\Java\jdk-18.0.1.1\bin\verify.dll
0x00007fffb32c0000 - 0x00007fffb32e7000 	C:\Users\VnOptimus\.gradle\native\e1d6ef7f7dcc3fd88c89a11ec53ec762bb8ba0a96d01ffa2cd45eb1d1d8dd5c5\windows-amd64\native-platform.dll
0x00007fff994b0000 - 0x00007fff995f4000 	C:\Users\VnOptimus\.gradle\native\0d407fdbe67a94daf76414ababcb853783967236a71b16ec16e742cd7a986fd3\windows-amd64\native-platform-file-events.dll
0x00007fffb52b0000 - 0x00007fffb52b9000 	C:\Program Files\Java\jdk-18.0.1.1\bin\management.dll
0x00007fffb5130000 - 0x00007fffb513b000 	C:\Program Files\Java\jdk-18.0.1.1\bin\management_ext.dll
0x00007fffb9f40000 - 0x00007fffb9f58000 	C:\WINDOWS\SYSTEM32\CRYPTSP.dll
0x00007fffb9660000 - 0x00007fffb9694000 	C:\WINDOWS\system32\rsaenh.dll
0x00007fffbae50000 - 0x00007fffbae77000 	C:\WINDOWS\System32\bcrypt.dll
0x00007fffba520000 - 0x00007fffba54e000 	C:\WINDOWS\SYSTEM32\USERENV.dll
0x00007fffb9f30000 - 0x00007fffb9f3c000 	C:\WINDOWS\SYSTEM32\CRYPTBASE.dll
0x00007fffb9a30000 - 0x00007fffb9a6b000 	C:\WINDOWS\SYSTEM32\IPHLPAPI.DLL
0x00007fffbc4a0000 - 0x00007fffbc4a8000 	C:\WINDOWS\System32\NSI.dll
0x00007fffb0280000 - 0x00007fffb0297000 	C:\WINDOWS\SYSTEM32\dhcpcsvc6.DLL
0x00007fffb14b0000 - 0x00007fffb14cd000 	C:\WINDOWS\SYSTEM32\dhcpcsvc.DLL
0x00007fffb9a70000 - 0x00007fffb9b3a000 	C:\WINDOWS\SYSTEM32\DNSAPI.dll
0x00007fffb39c0000 - 0x00007fffb39ce000 	C:\Program Files\Java\jdk-18.0.1.1\bin\sunmscapi.dll
0x00007fffba860000 - 0x00007fffba9b6000 	C:\WINDOWS\System32\CRYPT32.dll
0x00007fffba050000 - 0x00007fffba077000 	C:\WINDOWS\SYSTEM32\ncrypt.dll
0x00007fffba010000 - 0x00007fffba04b000 	C:\WINDOWS\SYSTEM32\NTASN1.dll
0x00007fffaefa0000 - 0x00007fffaefaa000 	C:\Windows\System32\rasadhlp.dll
0x00007fffab4b0000 - 0x00007fffab530000 	C:\WINDOWS\System32\fwpuclnt.dll

dbghelp: loaded successfully - version: 4.0.5 - missing functions: none
symbol engine: initialized successfully - sym options: 0x614 - pdb path: .;C:\Program Files\Java\jdk-18.0.1.1\bin;C:\WINDOWS\SYSTEM32;C:\WINDOWS\WinSxS\amd64_microsoft.windows.common-controls_6595b64144ccf1df_6.0.19041.1110_none_60b5254171f9507e;C:\Program Files\Java\jdk-18.0.1.1\bin\server;C:\Users\VnOptimus\.gradle\native\e1d6ef7f7dcc3fd88c89a11ec53ec762bb8ba0a96d01ffa2cd45eb1d1d8dd5c5\windows-amd64;C:\Users\VnOptimus\.gradle\native\0d407fdbe67a94daf76414ababcb853783967236a71b16ec16e742cd7a986fd3\windows-amd64

VM Arguments:
jvm_args: -XX:MaxMetaspaceSize=256m -XX:+HeapDumpOnOutOfMemoryError --add-opens=java.base/java.util=ALL-UNNAMED --add-opens=java.base/java.lang=ALL-UNNAMED --add-opens=java.base/java.lang.invoke=ALL-UNNAMED --add-opens=java.base/java.util=ALL-UNNAMED --add-opens=java.prefs/java.util.prefs=ALL-UNNAMED --add-opens=java.prefs/java.util.prefs=ALL-UNNAMED --add-opens=java.base/java.nio.charset=ALL-UNNAMED --add-opens=java.base/java.net=ALL-UNNAMED --add-opens=java.base/java.util.concurrent.atomic=ALL-UNNAMED -Xms256m -Xmx512m -Dfile.encoding=windows-1252 -Duser.country=US -Duser.language=en -Duser.variant 
java_command: org.gradle.launcher.daemon.bootstrap.GradleDaemon 7.5.1
java_class_path (initial): C:\Users\VnOptimus\.gradle\wrapper\dists\gradle-7.5.1-bin\7jzzequgds1hbszbhq3npc5ng\gradle-7.5.1\lib\gradle-launcher-7.5.1.jar
Launcher Type: SUN_STANDARD

[Global flags]
     intx CICompilerCount                          = 3                                         {product} {ergonomic}
   size_t CompressedClassSpaceSize                 = 218103808                                 {product} {ergonomic}
     uint ConcGCThreads                            = 1                                         {product} {ergonomic}
     uint G1ConcRefinementThreads                  = 4                                         {product} {ergonomic}
   size_t G1HeapRegionSize                         = 1048576                                   {product} {ergonomic}
    uintx GCDrainStackTargetSize                   = 64                                        {product} {ergonomic}
     bool HeapDumpOnOutOfMemoryError               = true                                   {manageable} {command line}
   size_t InitialHeapSize                          = 268435456                                 {product} {command line}
   size_t MarkStackSize                            = 4194304                                   {product} {ergonomic}
   size_t MaxHeapSize                              = 536870912                                 {product} {command line}
   size_t MaxMetaspaceSize                         = 268435456                                 {product} {command line}
   size_t MaxNewSize                               = 321912832                                 {product} {ergonomic}
   size_t MinHeapDeltaBytes                        = 1048576                                   {product} {ergonomic}
   size_t MinHeapSize                              = 268435456                                 {product} {command line}
    uintx NonNMethodCodeHeapSize                   = 5832780                                {pd product} {ergonomic}
    uintx NonProfiledCodeHeapSize                  = 122912730                              {pd product} {ergonomic}
    uintx ProfiledCodeHeapSize                     = 122912730                              {pd product} {ergonomic}
    uintx ReservedCodeCacheSize                    = 251658240                              {pd product} {ergonomic}
     bool SegmentedCodeCache                       = true                                      {product} {ergonomic}
   size_t SoftMaxHeapSize                          = 536870912                              {manageable} {ergonomic}
     bool UseCompressedClassPointers               = true                           {product lp64_product} {ergonomic}
     bool UseCompressedOops                        = true                           {product lp64_product} {ergonomic}
     bool UseG1GC                                  = true                                      {product} {ergonomic}
     bool UseLargePagesIndividualAllocation        = false                                  {pd product} {ergonomic}

Logging:
Log output configuration:
 #0: stdout all=warning uptime,level,tags foldmultilines=false
 #1: stderr all=off uptime,level,tags foldmultilines=false

Environment Variables:
JAVA_HOME=C:\Program Files\Java\jre1.8.0_351
PATH=C:\ProgramData\Oracle\Java\javapath;C:\Program Files\Common Files\Oracle\Java\javapath;C:\Program Files (x86)\Common Files\Oracle\Java\javapath;C:\WINDOWS\system32;C:\WINDOWS;C:\WINDOWS\System32\Wbem;C:\WINDOWS\System32\WindowsPowerShell\v1.0\;C:\WINDOWS\System32\OpenSSH\;C:\ProgramData\chocolatey\bin;C:\Program Files\nodejs\;C:\Program Files\PuTTY\;C:\Program Files\dotnet\;C:\Windows\Microsoft.NET\Framework64\v4.0.30319;C:\Mod .NET\de4dot;C:\Cpp2IL\cpp2il.exe;C:\Program Files\Git\cmd;C:\MinGW\bin;C:\.android\sdk\platform-tools;C:\Program Files (x86)\Groovy\bin;C:\Users\VnOptimus\AppData\Local\Microsoft\WindowsApps;C:\tools\dart-sdk\bin;C:\Users\VnOptimus\AppData\Roaming\Pub\Cache\bin;D:\FlutterSdk\flutter\bin;C:\Users\VnOptimus\AppData\Roaming\npm;D:\Program Files\JetBrains\IntelliJ IDEA 2021.1.3\bin;;C:\Users\VnOptimus\.dotnet\tools;C:\Users\VnOptimus\AppData\Local\Programs\Microsoft VS Code\bin
USERNAME=VnOptimus
OS=Windows_NT
PROCESSOR_IDENTIFIER=Intel64 Family 6 Model 58 Stepping 9, GenuineIntel



---------------  S Y S T E M  ---------------

OS:
 Windows 10 , 64 bit Build 19041 (10.0.19041.2251)
OS uptime: 4 days 10:37 hours

CPU: total 4 (initial active 4) (2 cores per cpu, 2 threads per core) family 6 model 58 stepping 9 microcode 0x21, cx8, cmov, fxsr, ht, mmx, sse, sse2, sse3, ssse3, sse4.1, sse4.2, popcnt, tsc, tscinvbit, avx, aes, erms, clmul, vzeroupper, clflush

Memory: 4k page, system-wide physical 8065M (549M free)
TotalPageFile size 12696M (AvailPageFile size 1M)
current process WorkingSet (physical memory assigned to process): 350M, peak: 475M
current process commit charge ("private bytes"): 509M, peak: 527M

vm_info: Java HotSpot(TM) 64-Bit Server VM (18.0.1.1+2-6) for windows-amd64 JRE (18.0.1.1+2-6), built on Apr 25 2022 21:53:15 by "mach5one" with MS VC++ 16.8 / 16.9 (VS2019)

END.
